#
# A fatal error has been detected by the Java Runtime Environment:
#
#  SIGSEGV (0xb) at pc=0x00007f81d2e4441e, pid=10762, tid=0x00007f81ae083700
#
# JRE version: Java(TM) SE Runtime Environment (8.0_141-b15) (build 1.8.0_141-b15)
# Java VM: Java HotSpot(TM) 64-Bit Server VM (25.141-b15 mixed mode linux-amd64 compressed oops)
# Problematic frame:
# V  [libjvm.so+0x92641e]  SR_handler(int, siginfo*, ucontext*)+0x3e
#
# Failed to write core dump. Core dumps have been disabled. To enable core dumping, try "ulimit -c unlimited" before starting Java again
#
# If you would like to submit a bug report, please visit:
#   http://bugreport.java.com/bugreport/crash.jsp
#

---------------  T H R E A D  ---------------

Current thread is native thread

siginfo: si_signo: 11 (SIGSEGV), si_code: 1 (SEGV_MAPERR), si_addr: 0x0000000000000128

Registers:
RAX=0x0000000000000000, RBX=0x00007f81ae082ab0, RCX=0x00007f81d361070d, RDX=0x00007f81ae083a20
RSP=0x00007f81ae082180, RBP=0x00007f81ae082230, RSI=0x00007f81ae082370, RDI=0x0000000000000001
R8 =0x00007f81ae083700, R9 =0x0000000000000001, R10=0x0000000005fe7d74, R11=0x0000000000000293
R12=0x00007f81ae082240, R13=0x00007f81ae082370, R14=0x00007f81ae083698, R15=0x0000000000000009
RIP=0x00007f81d2e4441e, EFLAGS=0x0000000000010246, CSGSFS=0x002b000000000033, ERR=0x0000000000000004
  TRAPNO=0x000000000000000e

Top of Stack: (sp=0x00007f81ae082180)
0x00007f81ae082180:   00007f81ae0978b8 00000000000000a7
0x00007f81ae082190:   00007f81ae99e2b8 0000000000002663
0x00007f81ae0821a0:   0000000000000e89 0000000000000000
0x00007f81ae0821b0:   00007f81ae082520 0000000000000000
0x00007f81ae0821c0:   0000000000000000 00007f81ae082220
0x00007f81ae0821d0:   0000000000000018 00007f81ae082230
0x00007f81ae0821e0:   0000000000000018 00007f81d413c040
0x00007f81ae0821f0:   00007f81ae299888 0000000000000000
0x00007f81ae082200:   00007f81d413d168 00007f81ae082ab0
0x00007f81ae082210:   00007f81ae082af0 0000000000000004
0x00007f81ae082220:   00007f81cc13e3a8 00007f81780013d0
0x00007f81ae082230:   00007f81ae0826f0 00007f81d3d0a390
0x00007f81ae082240:   0000000000000006 0000000000000000
0x00007f81ae082250:   0000000000000000 0000000000000002
0x00007f81ae082260:   0000000000000000 00007f81ae083700
0x00007f81ae082270:   0000000000000001 0000000005fe7d74
0x00007f81ae082280:   0000000000000293 00007f81ae082af0
0x00007f81ae082290:   0000000000000004 00007f81cc13e3a8
0x00007f81ae0822a0:   00007f81780013d0 00007f81ae082820
0x00007f81ae0822b0:   0000000000000002 00007f81ae0826f0
0x00007f81ae0822c0:   00007f81ae082ab0 00000000000003e8
0x00007f81ae0822d0:   fffffffffffffffc 00007f81d361070d
0x00007f81ae0822e0:   00007f81ae082690 00007f81d361070d
0x00007f81ae0822f0:   0000000000000293 002b000000000033
0x00007f81ae082300:   0000000000000004 000000000000000e
0x00007f81ae082310:   0000000000000004 00007fd1f2e48000
0x00007f81ae082320:   00007f81ae082400 0000009b00000000
0x00007f81ae082330:   00007f81ae99e731 00007f81ae082348
0x00007f81ae082340:   00007f81ae082390 a338cba259cfb200
0x00007f81ae082350:   00007f81ae082390 00007f81ae082630
0x00007f81ae082360:   0000000000000004 0000000000000004
0x00007f81ae082370:   000000000000000c 00000000fffffffa 

Instructions: (pc=0x00007f81d2e4441e)
0x00007f81d2e443fe:   48 81 ec b0 00 00 00 e8 96 8d 8f ff 44 8b 38 49
0x00007f81d2e4440e:   89 c6 48 8b 05 b9 43 65 00 8b 38 e8 22 97 8f ff
0x00007f81d2e4441e:   48 8b 98 28 01 00 00 8b 83 a8 00 00 00 83 e8 01
0x00007f81d2e4442e:   74 20 45 89 3e 48 8b 5d d8 4c 8b 65 e0 4c 8b 6d 

Register to memory mapping:

RAX=0x0000000000000000 is an unknown value
RBX=0x00007f81ae082ab0 is an unknown value
RCX=0x00007f81d361070d: __poll+0x2d in /lib/x86_64-linux-gnu/libc.so.6 at 0x00007f81d3515000
RDX=0x00007f81ae083a20 is an unknown value
RSP=0x00007f81ae082180 is an unknown value
RBP=0x00007f81ae082230 is an unknown value
RSI=0x00007f81ae082370 is an unknown value
RDI=0x0000000000000001 is an unknown value
R8 =0x00007f81ae083700 is an unknown value
R9 =0x0000000000000001 is an unknown value
R10=0x0000000005fe7d74 is an unknown value
R11=0x0000000000000293 is an unknown value
R12=0x00007f81ae082240 is an unknown value
R13=0x00007f81ae082370 is an unknown value
R14=0x00007f81ae083698 is an unknown value
R15=0x0000000000000009 is an unknown value


Stack: [0x00007f81ad883000,0x00007f81ae084000],  sp=0x00007f81ae082180,  free space=8188k
Native frames: (J=compiled Java code, j=interpreted, Vv=VM code, C=native code)
V  [libjvm.so+0x92641e]  SR_handler(int, siginfo*, ucontext*)+0x3e
C  [libpthread.so.0+0x11390]
C  [libnetshare.so+0x27fde2]  SLinuxMonitor<SHandler<std::shared_ptr<Data::SInOutputStream> >, SHandler<std::shared_ptr<Data::SInputStream> > >::Wait(SHandler<std::shared_ptr<Data::SInOutputStream> >&, SHandler<std::shared_ptr<Data::SInputStream> >&)+0x50
C  [libnetshare.so+0x26ede7]  SIHandlerMonitorT<SHandler<std::shared_ptr<Data::SInOutputStream> >, SHandler<std::shared_ptr<Data::SInputStream> >, SLinuxMonitor<SHandler<std::shared_ptr<Data::SInOutputStream> >, SHandler<std::shared_ptr<Data::SInputStream> > > >::Wait()+0x3f
C  [libnetshare.so+0x25f78b]  SYpsilon<SHandler<std::shared_ptr<Data::SInOutputStream> >, SHandler<std::shared_ptr<Data::SInputStream> >, SHandler<std::shared_ptr<Data::SOutputStream> > >::Process(SHandler<std::shared_ptr<Data::SInOutputStream> >&, SHandler<std::shared_ptr<Data::SInputStream> >&, SHandler<std::shared_ptr<Data::SOutputStream> >&)+0x93
C  [libnetshare.so+0x239fe8]  _ZZN6SShare6YsplitERKSt3mapINSt7__cxx1112basic_stringIcSt11char_traitsIcESaIcEEES6_St4lessIS6_ESaISt4pairIKS6_S6_EEERKSt6vectorISD_SaISD_EESK_ENKUlvE2_clEv+0x7e
C  [libnetshare.so+0x2423f8]  _ZNSt17_Function_handlerIFN6SShare5StateEvEZNS0_6YsplitERKSt3mapINSt7__cxx1112basic_stringIcSt11char_traitsIcESaIcEEES9_St4lessIS9_ESaISt4pairIKS9_S9_EEERKSt6vectorISG_SaISG_EESN_EUlvE2_E9_M_invokeERKSt9_Any_data+0x20
C  [libnetshare.so+0x259ff2]  std::function<SShare::State ()()>::operator()() const+0x32
C  [libnetshare.so+0x23a8bd]  SShare::Ysplit(std::map<std::__cxx11::basic_string<char, std::char_traits<char>, std::allocator<char> >, std::__cxx11::basic_string<char, std::char_traits<char>, std::allocator<char> >, std::less<std::__cxx11::basic_string<char, std::char_traits<char>, std::allocator<char> > >, std::allocator<std::pair<std::__cxx11::basic_string<char, std::char_traits<char>, std::allocator<char> > const, std::__cxx11::basic_string<char, std::char_traits<char>, std::allocator<char> > > > > const&, std::vector<std::map<std::__cxx11::basic_string<char, std::char_traits<char>, std::allocator<char> >, std::__cxx11::basic_string<char, std::char_traits<char>, std::allocator<char> >, std::less<std::__cxx11::basic_string<char, std::char_traits<char>, std::allocator<char> > >, std::allocator<std::pair<std::__cxx11::basic_string<char, std::char_traits<char>, std::allocator<char> > const, std::__cxx11::basic_string<char, std::char_traits<char>, std::allocator<char> > > > >, std::allocator<std::map<std::__cxx11::basic_string<char, std::char_traits<char>, std::allocator<char> >, std::__cxx11::basic_string<char, std::char_traits<char>, std::allocator<char> >, std::less<std::__cxx11::basic_string<char, std::char_traits<char>, std::allocator<char> > >, std::allocator<std::pair<std::__cxx11::basic_string<char, std::char_traits<char>, std::allocator<char> > const, std::__cxx11::basic_string<char, std::char_traits<char>, std::allocator<char> > > > > > > const&, std::vector<std::map<std::__cxx11::basic_string<char, std::char_traits<char>, std::allocator<char> >, std::__cxx11::basic_string<char, std::char_traits<char>, std::allocator<char> >, std::less<std::__cxx11::basic_string<char, std::char_traits<char>, std::allocator<char> > >, std::allocator<std::pair<std::__cxx11::basic_string<char, std::char_traits<char>, std::allocator<char> > const, std::__cxx11::basic_string<char, std::char_traits<char>, std::allocator<char> > > > >, std::allocator<std::map<std::__cxx11::basic_string<char, std::char_traits
C  [libnetshare.so+0x225a37]  SShare::Execute(char, std::map<std::__cxx11::basic_string<char, std::char_traits<char>, std::allocator<char> >, std::__cxx11::basic_string<char, std::char_traits<char>, std::allocator<char> >, std::less<std::__cxx11::basic_string<char, std::char_traits<char>, std::allocator<char> > >, std::allocator<std::pair<std::__cxx11::basic_string<char, std::char_traits<char>, std::allocator<char> > const, std::__cxx11::basic_string<char, std::char_traits<char>, std::allocator<char> > > > > const&, std::vector<std::map<std::__cxx11::basic_string<char, std::char_traits<char>, std::allocator<char> >, std::__cxx11::basic_string<char, std::char_traits<char>, std::allocator<char> >, std::less<std::__cxx11::basic_string<char, std::char_traits<char>, std::allocator<char> > >, std::allocator<std::pair<std::__cxx11::basic_string<char, std::char_traits<char>, std::allocator<char> > const, std::__cxx11::basic_string<char, std::char_traits<char>, std::allocator<char> > > > >, std::allocator<std::map<std::__cxx11::basic_string<char, std::char_traits<char>, std::allocator<char> >, std::__cxx11::basic_string<char, std::char_traits<char>, std::allocator<char> >, std::less<std::__cxx11::basic_string<char, std::char_traits<char>, std::allocator<char> > >, std::allocator<std::pair<std::__cxx11::basic_string<char, std::char_traits<char>, std::allocator<char> > const, std::__cxx11::basic_string<char, std::char_traits<char>, std::allocator<char> > > > > > > const&, std::vector<std::map<std::__cxx11::basic_string<char, std::char_traits<char>, std::allocator<char> >, std::__cxx11::basic_string<char, std::char_traits<char>, std::allocator<char> >, std::less<std::__cxx11::basic_string<char, std::char_traits<char>, std::allocator<char> > >, std::allocator<std::pair<std::__cxx11::basic_string<char, std::char_traits<char>, std::allocator<char> > const, std::__cxx11::basic_string<char, std::char_traits<char>, std::allocator<char> > > > >, std::allocator<std::map<std::__cxx11::basic_string<char, std::char
C  [libnetshare.so+0x225469]  SProcess::Run(char, std::map<std::__cxx11::basic_string<char, std::char_traits<char>, std::allocator<char> >, std::__cxx11::basic_string<char, std::char_traits<char>, std::allocator<char> >, std::less<std::__cxx11::basic_string<char, std::char_traits<char>, std::allocator<char> > >, std::allocator<std::pair<std::__cxx11::basic_string<char, std::char_traits<char>, std::allocator<char> > const, std::__cxx11::basic_string<char, std::char_traits<char>, std::allocator<char> > > > > const&, std::vector<std::map<std::__cxx11::basic_string<char, std::char_traits<char>, std::allocator<char> >, std::__cxx11::basic_string<char, std::char_traits<char>, std::allocator<char> >, std::less<std::__cxx11::basic_string<char, std::char_traits<char>, std::allocator<char> > >, std::allocator<std::pair<std::__cxx11::basic_string<char, std::char_traits<char>, std::allocator<char> > const, std::__cxx11::basic_string<char, std::char_traits<char>, std::allocator<char> > > > >, std::allocator<std::map<std::__cxx11::basic_string<char, std::char_traits<char>, std::allocator<char> >, std::__cxx11::basic_string<char, std::char_traits<char>, std::allocator<char> >, std::less<std::__cxx11::basic_string<char, std::char_traits<char>, std::allocator<char> > >, std::allocator<std::pair<std::__cxx11::basic_string<char, std::char_traits<char>, std::allocator<char> > const, std::__cxx11::basic_string<char, std::char_traits<char>, std::allocator<char> > > > > > > const&, std::vector<std::map<std::__cxx11::basic_string<char, std::char_traits<char>, std::allocator<char> >, std::__cxx11::basic_string<char, std::char_traits<char>, std::allocator<char> >, std::less<std::__cxx11::basic_string<char, std::char_traits<char>, std::allocator<char> > >, std::allocator<std::pair<std::__cxx11::basic_string<char, std::char_traits<char>, std::allocator<char> > const, std::__cxx11::basic_string<char, std::char_traits<char>, std::allocator<char> > > > >, std::allocator<std::map<std::__cxx11::basic_string<char, std::char_t
C  [libnetshare.so+0x2254ac]  _ZZN8SProcess6DetachEcOSt3mapINSt7__cxx1112basic_stringIcSt11char_traitsIcESaIcEEES6_St4lessIS6_ESaISt4pairIKS6_S6_EEEOSt6vectorISD_SaISD_EESI_ENKUlcSE_SI_SI_E_clEcSE_SI_SI_+0x40
C  [libnetshare.so+0x22d8b1]  _ZNSt12_Bind_simpleIFZN8SProcess6DetachEcOSt3mapINSt7__cxx1112basic_stringIcSt11char_traitsIcESaIcEEES7_St4lessIS7_ESaISt4pairIKS7_S7_EEEOSt6vectorISE_SaISE_EESJ_EUlcSF_SJ_SJ_E_cSE_SI_SI_EE9_M_invokeIILm0ELm1ELm2ELm3EEEEiSt12_Index_tupleIIXspT_EEE+0x99
C  [libnetshare.so+0x22d6c6]  _ZNSt12_Bind_simpleIFZN8SProcess6DetachEcOSt3mapINSt7__cxx1112basic_stringIcSt11char_traitsIcESaIcEEES7_St4lessIS7_ESaISt4pairIKS7_S7_EEEOSt6vectorISE_SaISE_EESJ_EUlcSF_SJ_SJ_E_cSE_SI_SI_EEclEv+0x2c
C  [libnetshare.so+0x22d656]  _ZNSt6thread5_ImplISt12_Bind_simpleIFZN8SProcess6DetachEcOSt3mapINSt7__cxx1112basic_stringIcSt11char_traitsIcESaIcEEES9_St4lessIS9_ESaISt4pairIKS9_S9_EEEOSt6vectorISG_SaISG_EESL_EUlcSH_SL_SL_E_cSG_SK_SK_EEE6_M_runEv+0x1c


---------------  P R O C E S S  ---------------

VM state:at safepoint (shutting down)

VM Mutex/Monitor currently owned by a thread:  ([mutex/lock_event])
[0x00007f81cc005f90] Threads_lock - owner thread: 0x00007f81cc077800

Heap:
 PSYoungGen      total 36352K, used 2498K [0x00000000d7d80000, 0x00000000da600000, 0x0000000100000000)
  eden space 31232K, 8% used [0x00000000d7d80000,0x00000000d7ff0b40,0x00000000d9c00000)
  from space 5120K, 0% used [0x00000000da100000,0x00000000da100000,0x00000000da600000)
  to   space 5120K, 0% used [0x00000000d9c00000,0x00000000d9c00000,0x00000000da100000)
 ParOldGen       total 83456K, used 0K [0x0000000087800000, 0x000000008c980000, 0x00000000d7d80000)
  object space 83456K, 0% used [0x0000000087800000,0x0000000087800000,0x000000008c980000)
 Metaspace       used 2920K, capacity 4490K, committed 4864K, reserved 1056768K
  class space    used 316K, capacity 386K, committed 512K, reserved 1048576K

Card table byte_map: [0x00007f81d09f2000,0x00007f81d0db7000] byte_map_base: 0x00007f81d05b6000

Marking Bits: (ParMarkBitMap*) 0x00007f81d34e7dc0
 Begin Bits: [0x00007f81b43c0000, 0x00007f81b61e0000)
 End Bits:   [0x00007f81b61e0000, 0x00007f81b8000000)

Polling page: 0x00007f81d4138000

CodeCache: size=245760Kb used=1105Kb max_used=1105Kb free=244654Kb
 bounds [0x00007f81bd000000, 0x00007f81bd270000, 0x00007f81cc000000]
 total_blobs=273 nmethods=26 adapters=163
 compilation: enabled

Compilation events (10 events):
Event: 12,281 Thread 0x00007f81cc0be000   22       1       java.nio.Buffer::position (5 bytes)
Event: 12,282 Thread 0x00007f81cc0be000 nmethod 22 0x00007f81bd113450 code [0x00007f81bd1135a0, 0x00007f81bd1136b0]
Event: 18,283 Thread 0x00007f81cc0be000   23       1       java.nio.Buffer::limit (5 bytes)
Event: 18,284 Thread 0x00007f81cc0be000 nmethod 23 0x00007f81bd113710 code [0x00007f81bd113860, 0x00007f81bd113970]
Event: 30,288 Thread 0x00007f81cc0be000   24       3       java.nio.ByteBuffer::arrayOffset (35 bytes)
Event: 30,288 Thread 0x00007f81cc0be000 nmethod 24 0x00007f81bd1139d0 code [0x00007f81bd113b60, 0x00007f81bd113e18]
Event: 38,290 Thread 0x00007f81cc0be000   25       3       java.nio.Buffer::position (43 bytes)
Event: 38,291 Thread 0x00007f81cc0be000 nmethod 25 0x00007f81bd113f50 code [0x00007f81bd1140c0, 0x00007f81bd114388]
Event: 41,291 Thread 0x00007f81cc0be000   26       3       java.nio.CharBuffer::arrayOffset (35 bytes)
Event: 41,292 Thread 0x00007f81cc0be000 nmethod 26 0x00007f81bd114450 code [0x00007f81bd1145e0, 0x00007f81bd114898]

GC Heap History (0 events):
No events

Deoptimization events (0 events):
No events

Internal exceptions (2 events):
Event: 0,037 Thread 0x00007f81cc009800 Exception <a 'java/lang/NoSuchMethodError': Method sun.misc.Unsafe.defineClass(Ljava/lang/String;[BII)Ljava/lang/Class; name or signature does not match> (0x00000000d7d87ca8) thrown at [/HUDSON3/workspace/8-2-build-linux-amd64/jdk8u141/9370/hotspot/src/sh
Event: 0,037 Thread 0x00007f81cc009800 Exception <a 'java/lang/NoSuchMethodError': Method sun.misc.Unsafe.prefetchRead(Ljava/lang/Object;J)V name or signature does not match> (0x00000000d7d87f90) thrown at [/HUDSON3/workspace/8-2-build-linux-amd64/jdk8u141/9370/hotspot/src/share/vm/prims/jni.c

Events (10 events):
Event: 9,277 loading class sun/misc/FDBigInteger
Event: 9,278 loading class sun/misc/FDBigInteger done
Event: 57,157 loading class sun/misc/Signal$1
Event: 57,157 loading class sun/misc/Signal$1 done
Event: 57,158 Thread 0x00007f8190001000 Thread added: 0x00007f8190001000
Event: 57,158 loading class java/lang/Shutdown
Event: 57,158 loading class java/lang/Shutdown done
Event: 57,158 loading class java/lang/Shutdown$Lock
Event: 57,158 loading class java/lang/Shutdown$Lock done
Event: 57,158 Executing VM operation: Exit


Dynamic libraries:
00400000-00401000 r-xp 00000000 08:01 1443284                            /home/monteiro/jdk1.8.0_141/bin/java
00600000-00601000 rw-p 00000000 08:01 1443284                            /home/monteiro/jdk1.8.0_141/bin/java
00a8f000-00ab0000 rw-p 00000000 00:00 0                                  [heap]
87800000-8c980000 rw-p 00000000 00:00 0 
8c980000-d7d80000 ---p 00000000 00:00 0 
d7d80000-da600000 rw-p 00000000 00:00 0 
da600000-100000000 ---p 00000000 00:00 0 
100000000-100080000 rw-p 00000000 00:00 0 
100080000-140000000 ---p 00000000 00:00 0 
7f80fb79c000-7f80fb79d000 ---p 00000000 00:00 0 
7f80fb79d000-7f80fbf9d000 rw-p 00000000 00:00 0 
7f80fbf9d000-7f80fbf9e000 ---p 00000000 00:00 0 
7f80fbf9e000-7f80fc79e000 rw-p 00000000 00:00 0 
7f80fc79e000-7f80fc79f000 ---p 00000000 00:00 0 
7f80fc79f000-7f80fcf9f000 rw-p 00000000 00:00 0 
7f80fcf9f000-7f80fcfa0000 ---p 00000000 00:00 0 
7f80fcfa0000-7f80fd7a0000 rw-p 00000000 00:00 0 
7f80fd7a0000-7f80fd7a1000 ---p 00000000 00:00 0 
7f80fd7a1000-7f80fdfa1000 rw-p 00000000 00:00 0 
7f80fdfa1000-7f80fdfa2000 ---p 00000000 00:00 0 
7f80fdfa2000-7f80fe7a2000 rw-p 00000000 00:00 0 
7f80fe7a2000-7f80fe7a3000 ---p 00000000 00:00 0 
7f80fe7a3000-7f80fefa3000 rw-p 00000000 00:00 0 
7f80fefa3000-7f80fefa4000 ---p 00000000 00:00 0 
7f80fefa4000-7f80ff7a4000 rw-p 00000000 00:00 0 
7f80ff7a4000-7f80ff7a5000 ---p 00000000 00:00 0 
7f80ff7a5000-7f80fffa5000 rw-p 00000000 00:00 0 
7f80fffa5000-7f80fffa6000 ---p 00000000 00:00 0 
7f80fffa6000-7f81007a6000 rw-p 00000000 00:00 0 
7f81007a6000-7f81007a7000 ---p 00000000 00:00 0 
7f81007a7000-7f8100fa7000 rw-p 00000000 00:00 0 
7f8100fa7000-7f8100fa8000 ---p 00000000 00:00 0 
7f8100fa8000-7f81017a8000 rw-p 00000000 00:00 0 
7f81017a8000-7f81017a9000 ---p 00000000 00:00 0 
7f81017a9000-7f8101fa9000 rw-p 00000000 00:00 0 
7f8101fa9000-7f8101faa000 ---p 00000000 00:00 0 
7f8101faa000-7f81027aa000 rw-p 00000000 00:00 0 
7f81027aa000-7f81027ab000 ---p 00000000 00:00 0 
7f81027ab000-7f8102fab000 rw-p 00000000 00:00 0 
7f8102fab000-7f8102fac000 ---p 00000000 00:00 0 
7f8102fac000-7f81037ac000 rw-p 00000000 00:00 0 
7f81037ac000-7f81037ad000 ---p 00000000 00:00 0 
7f81037ad000-7f8103fad000 rw-p 00000000 00:00 0 
7f8103fad000-7f8103fae000 ---p 00000000 00:00 0 
7f8103fae000-7f81047ae000 rw-p 00000000 00:00 0 
7f81047ae000-7f81047af000 ---p 00000000 00:00 0 
7f81047af000-7f8104faf000 rw-p 00000000 00:00 0 
7f8104faf000-7f8104fb0000 ---p 00000000 00:00 0 
7f8104fb0000-7f81057b0000 rw-p 00000000 00:00 0 
7f81057b0000-7f81057b1000 ---p 00000000 00:00 0 
7f81057b1000-7f8105fb1000 rw-p 00000000 00:00 0 
7f8105fb1000-7f8105fb2000 ---p 00000000 00:00 0 
7f8105fb2000-7f81067b2000 rw-p 00000000 00:00 0 
7f81067b2000-7f81067b3000 ---p 00000000 00:00 0 
7f81067b3000-7f8106fb3000 rw-p 00000000 00:00 0 
7f8106fb3000-7f8106fb4000 ---p 00000000 00:00 0 
7f8106fb4000-7f81077b4000 rw-p 00000000 00:00 0 
7f81077b4000-7f81077b5000 ---p 00000000 00:00 0 
7f81077b5000-7f8107fb5000 rw-p 00000000 00:00 0 
7f8107fb5000-7f8107fb6000 ---p 00000000 00:00 0 
7f8107fb6000-7f81087b6000 rw-p 00000000 00:00 0 
7f81087b6000-7f81087b7000 ---p 00000000 00:00 0 
7f81087b7000-7f8108fb7000 rw-p 00000000 00:00 0 
7f8108fb7000-7f8108fb8000 ---p 00000000 00:00 0 
7f8108fb8000-7f81097b8000 rw-p 00000000 00:00 0 
7f81097b8000-7f81097b9000 ---p 00000000 00:00 0 
7f81097b9000-7f8109fb9000 rw-p 00000000 00:00 0 
7f8109fb9000-7f8109fba000 ---p 00000000 00:00 0 
7f8109fba000-7f810a7ba000 rw-p 00000000 00:00 0 
7f810a7ba000-7f810a7bb000 ---p 00000000 00:00 0 
7f810a7bb000-7f810afbb000 rw-p 00000000 00:00 0 
7f810afbb000-7f810afbc000 ---p 00000000 00:00 0 
7f810afbc000-7f810b7bc000 rw-p 00000000 00:00 0 
7f810b7bc000-7f810b7bd000 ---p 00000000 00:00 0 
7f810b7bd000-7f810bfbd000 rw-p 00000000 00:00 0 
7f810bfbd000-7f810bfbe000 ---p 00000000 00:00 0 
7f810bfbe000-7f810c7be000 rw-p 00000000 00:00 0 
7f810c7be000-7f810c7bf000 ---p 00000000 00:00 0 
7f810c7bf000-7f810cfbf000 rw-p 00000000 00:00 0 
7f810cfbf000-7f810cfc0000 ---p 00000000 00:00 0 
7f810cfc0000-7f810d7c0000 rw-p 00000000 00:00 0 
7f810d7c0000-7f810d7c1000 ---p 00000000 00:00 0 
7f810d7c1000-7f810dfc1000 rw-p 00000000 00:00 0 
7f810dfc1000-7f810dfc2000 ---p 00000000 00:00 0 
7f810dfc2000-7f810e7c2000 rw-p 00000000 00:00 0 
7f810e7c2000-7f810e7c3000 ---p 00000000 00:00 0 
7f810e7c3000-7f810efc3000 rw-p 00000000 00:00 0 
7f810efc3000-7f810efc4000 ---p 00000000 00:00 0 
7f810efc4000-7f810f7c4000 rw-p 00000000 00:00 0 
7f810f7c4000-7f810f7c5000 ---p 00000000 00:00 0 
7f810f7c5000-7f810ffc5000 rw-p 00000000 00:00 0 
7f810ffc5000-7f810ffc6000 ---p 00000000 00:00 0 
7f810ffc6000-7f81107c6000 rw-p 00000000 00:00 0 
7f81107c6000-7f81107c7000 ---p 00000000 00:00 0 
7f81107c7000-7f8110fc7000 rw-p 00000000 00:00 0 
7f8110fc7000-7f8110fc8000 ---p 00000000 00:00 0 
7f8110fc8000-7f81117c8000 rw-p 00000000 00:00 0 
7f81117c8000-7f81117c9000 ---p 00000000 00:00 0 
7f81117c9000-7f8111fc9000 rw-p 00000000 00:00 0 
7f8111fc9000-7f8111fca000 ---p 00000000 00:00 0 
7f8111fca000-7f81127ca000 rw-p 00000000 00:00 0 
7f81127ca000-7f81127cb000 ---p 00000000 00:00 0 
7f81127cb000-7f8112fcb000 rw-p 00000000 00:00 0 
7f8112fcb000-7f8112fcc000 ---p 00000000 00:00 0 
7f8112fcc000-7f81137cc000 rw-p 00000000 00:00 0 
7f81137cc000-7f81137cd000 ---p 00000000 00:00 0 
7f81137cd000-7f8113fcd000 rw-p 00000000 00:00 0 
7f8113fcd000-7f8113fce000 ---p 00000000 00:00 0 
7f8113fce000-7f81147ce000 rw-p 00000000 00:00 0 
7f81147ce000-7f81147cf000 ---p 00000000 00:00 0 
7f81147cf000-7f8114fcf000 rw-p 00000000 00:00 0 
7f8114fcf000-7f8114fd0000 ---p 00000000 00:00 0 
7f8114fd0000-7f81157d0000 rw-p 00000000 00:00 0 
7f81157d0000-7f81157d1000 ---p 00000000 00:00 0 
7f81157d1000-7f8115fd1000 rw-p 00000000 00:00 0 
7f8115fd1000-7f8115fd2000 ---p 00000000 00:00 0 
7f8115fd2000-7f81167d2000 rw-p 00000000 00:00 0 
7f81167d2000-7f81167d3000 ---p 00000000 00:00 0 
7f81167d3000-7f8116fd3000 rw-p 00000000 00:00 0 
7f8116fd3000-7f8116fd4000 ---p 00000000 00:00 0 
7f8116fd4000-7f81177d4000 rw-p 00000000 00:00 0 
7f81177d4000-7f81177d5000 ---p 00000000 00:00 0 
7f81177d5000-7f8117fd5000 rw-p 00000000 00:00 0 
7f8117fd5000-7f8117fd6000 ---p 00000000 00:00 0 
7f8117fd6000-7f81187d6000 rw-p 00000000 00:00 0 
7f81187d6000-7f81187d7000 ---p 00000000 00:00 0 
7f81187d7000-7f811bfd8000 rw-p 00000000 00:00 0 
7f811bfd8000-7f811bfd9000 ---p 00000000 00:00 0 
7f811bfd9000-7f811c7d9000 rw-p 00000000 00:00 0 
7f811c7d9000-7f811c7da000 ---p 00000000 00:00 0 
7f811c7da000-7f811cfda000 rw-p 00000000 00:00 0 
7f811cfda000-7f811cfdb000 ---p 00000000 00:00 0 
7f811cfdb000-7f811d7db000 rw-p 00000000 00:00 0 
7f811d7db000-7f811d7dc000 ---p 00000000 00:00 0 
7f811d7dc000-7f811dfdc000 rw-p 00000000 00:00 0 
7f811dfdc000-7f811dfdd000 ---p 00000000 00:00 0 
7f811dfdd000-7f811e7dd000 rw-p 00000000 00:00 0 
7f811e7dd000-7f811e7de000 ---p 00000000 00:00 0 
7f811e7de000-7f811efde000 rw-p 00000000 00:00 0 
7f811efde000-7f811efdf000 ---p 00000000 00:00 0 
7f811efdf000-7f811f7df000 rw-p 00000000 00:00 0 
7f811f7df000-7f811f7e0000 ---p 00000000 00:00 0 
7f811f7e0000-7f811ffe0000 rw-p 00000000 00:00 0 
7f811ffe0000-7f811ffe1000 ---p 00000000 00:00 0 
7f811ffe1000-7f81207e1000 rw-p 00000000 00:00 0 
7f81207e1000-7f81207e2000 ---p 00000000 00:00 0 
7f81207e2000-7f8120fe2000 rw-p 00000000 00:00 0 
7f8120fe2000-7f8120fe3000 ---p 00000000 00:00 0 
7f8120fe3000-7f81217e3000 rw-p 00000000 00:00 0 
7f81217e3000-7f81217e4000 ---p 00000000 00:00 0 
7f81217e4000-7f8121fe4000 rw-p 00000000 00:00 0 
7f8121fe4000-7f8121fe5000 ---p 00000000 00:00 0 
7f8121fe5000-7f81227e5000 rw-p 00000000 00:00 0 
7f81227e5000-7f81227e6000 ---p 00000000 00:00 0 
7f81227e6000-7f8122fe6000 rw-p 00000000 00:00 0 
7f8122fe6000-7f8122fe7000 ---p 00000000 00:00 0 
7f8122fe7000-7f81237e7000 rw-p 00000000 00:00 0 
7f81237e7000-7f81237e8000 ---p 00000000 00:00 0 
7f81237e8000-7f8123fe8000 rw-p 00000000 00:00 0 
7f8123fe8000-7f8123fe9000 ---p 00000000 00:00 0 
7f8123fe9000-7f81247e9000 rw-p 00000000 00:00 0 
7f81247e9000-7f81247ea000 ---p 00000000 00:00 0 
7f81247ea000-7f8124fea000 rw-p 00000000 00:00 0 
7f8124fea000-7f8124feb000 ---p 00000000 00:00 0 
7f8124feb000-7f81257eb000 rw-p 00000000 00:00 0 
7f81257eb000-7f81257ec000 ---p 00000000 00:00 0 
7f81257ec000-7f8125fec000 rw-p 00000000 00:00 0 
7f8125fec000-7f8125fed000 ---p 00000000 00:00 0 
7f8125fed000-7f81267ed000 rw-p 00000000 00:00 0 
7f81267ed000-7f81267ee000 ---p 00000000 00:00 0 
7f81267ee000-7f8126fee000 rw-p 00000000 00:00 0 
7f8126fee000-7f8126fef000 ---p 00000000 00:00 0 
7f8126fef000-7f81277ef000 rw-p 00000000 00:00 0 
7f81277ef000-7f81277f0000 ---p 00000000 00:00 0 
7f81277f0000-7f8127ff0000 rw-p 00000000 00:00 0 
7f8127ff0000-7f8127ff1000 ---p 00000000 00:00 0 
7f8127ff1000-7f81287f1000 rw-p 00000000 00:00 0 
7f81287f1000-7f81287f2000 ---p 00000000 00:00 0 
7f81287f2000-7f8128ff2000 rw-p 00000000 00:00 0 
7f8128ff2000-7f8128ff3000 ---p 00000000 00:00 0 
7f8128ff3000-7f81297f3000 rw-p 00000000 00:00 0 
7f81297f3000-7f81297f4000 ---p 00000000 00:00 0 
7f81297f4000-7f8129ff4000 rw-p 00000000 00:00 0 
7f8129ff4000-7f8129ff5000 ---p 00000000 00:00 0 
7f8129ff5000-7f812a7f5000 rw-p 00000000 00:00 0 
7f812a7f5000-7f812a7f6000 ---p 00000000 00:00 0 
7f812a7f6000-7f812aff6000 rw-p 00000000 00:00 0 
7f812aff6000-7f812aff7000 ---p 00000000 00:00 0 
7f812aff7000-7f812b7f7000 rw-p 00000000 00:00 0 
7f812b7f7000-7f812b7f8000 ---p 00000000 00:00 0 
7f812b7f8000-7f812bff8000 rw-p 00000000 00:00 0 
7f812bff8000-7f812bff9000 ---p 00000000 00:00 0 
7f812bff9000-7f812c7f9000 rw-p 00000000 00:00 0 
7f812c7f9000-7f812c7fa000 ---p 00000000 00:00 0 
7f812c7fa000-7f812cffa000 rw-p 00000000 00:00 0 
7f812cffa000-7f812cffb000 ---p 00000000 00:00 0 
7f812cffb000-7f812d7fb000 rw-p 00000000 00:00 0 
7f812d7fb000-7f812d7fc000 ---p 00000000 00:00 0 
7f812d7fc000-7f812dffc000 rw-p 00000000 00:00 0 
7f812dffc000-7f812dffd000 ---p 00000000 00:00 0 
7f812dffd000-7f812e7fd000 rw-p 00000000 00:00 0 
7f812e7fd000-7f812e7fe000 ---p 00000000 00:00 0 
7f812e7fe000-7f812effe000 rw-p 00000000 00:00 0 
7f812effe000-7f812efff000 ---p 00000000 00:00 0 
7f812efff000-7f812f7ff000 rw-p 00000000 00:00 0 
7f812f7ff000-7f812f800000 ---p 00000000 00:00 0 
7f812f800000-7f8130000000 rw-p 00000000 00:00 0 
7f8130000000-7f8130021000 rw-p 00000000 00:00 0 
7f8130021000-7f8134000000 ---p 00000000 00:00 0 
7f8134000000-7f8134021000 rw-p 00000000 00:00 0 
7f8134021000-7f8138000000 ---p 00000000 00:00 0 
7f8138000000-7f8138021000 rw-p 00000000 00:00 0 
7f8138021000-7f813c000000 ---p 00000000 00:00 0 
7f813c000000-7f813c021000 rw-p 00000000 00:00 0 
7f813c021000-7f8140000000 ---p 00000000 00:00 0 
7f8140000000-7f8140021000 rw-p 00000000 00:00 0 
7f8140021000-7f8144000000 ---p 00000000 00:00 0 
7f8144000000-7f8144021000 rw-p 00000000 00:00 0 
7f8144021000-7f8148000000 ---p 00000000 00:00 0 
7f8148000000-7f8148021000 rw-p 00000000 00:00 0 
7f8148021000-7f814c000000 ---p 00000000 00:00 0 
7f814c7f9000-7f814c7fa000 ---p 00000000 00:00 0 
7f814c7fa000-7f814cffa000 rw-p 00000000 00:00 0 
7f814cffa000-7f814cffb000 ---p 00000000 00:00 0 
7f814cffb000-7f814d7fb000 rw-p 00000000 00:00 0 
7f814d7fb000-7f814d7fc000 ---p 00000000 00:00 0 
7f814d7fc000-7f814dffc000 rw-p 00000000 00:00 0 
7f814dffc000-7f814dffd000 ---p 00000000 00:00 0 
7f814dffd000-7f814e7fd000 rw-p 00000000 00:00 0 
7f814e7fd000-7f814e7fe000 ---p 00000000 00:00 0 
7f814e7fe000-7f814effe000 rw-p 00000000 00:00 0 
7f814effe000-7f814efff000 ---p 00000000 00:00 0 
7f814efff000-7f814f7ff000 rw-p 00000000 00:00 0 
7f814f7ff000-7f814f800000 ---p 00000000 00:00 0 
7f814f800000-7f8150000000 rw-p 00000000 00:00 0 
7f8150000000-7f8150021000 rw-p 00000000 00:00 0 
7f8150021000-7f8154000000 ---p 00000000 00:00 0 
7f815444b000-7f81545e2000 rw-p 00000000 00:00 0 
7f81545e2000-7f81545f8000 r-xp 00000000 08:01 1443368                    /home/monteiro/jdk1.8.0_141/jre/lib/amd64/libnet.so
7f81545f8000-7f81547f8000 ---p 00016000 08:01 1443368                    /home/monteiro/jdk1.8.0_141/jre/lib/amd64/libnet.so
7f81547f8000-7f81547f9000 rw-p 00016000 08:01 1443368                    /home/monteiro/jdk1.8.0_141/jre/lib/amd64/libnet.so
7f81547f9000-7f81547fa000 ---p 00000000 00:00 0 
7f81547fa000-7f8154ffa000 rw-p 00000000 00:00 0 
7f8154ffa000-7f8154ffb000 ---p 00000000 00:00 0 
7f8154ffb000-7f81557fb000 rw-p 00000000 00:00 0 
7f81557fb000-7f81557fc000 ---p 00000000 00:00 0 
7f81557fc000-7f8155ffc000 rw-p 00000000 00:00 0 
7f8155ffc000-7f8155ffd000 ---p 00000000 00:00 0 
7f8155ffd000-7f81567fd000 rw-p 00000000 00:00 0 
7f81567fd000-7f81567fe000 ---p 00000000 00:00 0 
7f81567fe000-7f8156ffe000 rw-p 00000000 00:00 0 
7f8156ffe000-7f8156fff000 ---p 00000000 00:00 0 
7f8156fff000-7f81577ff000 rw-p 00000000 00:00 0 
7f81577ff000-7f8157800000 ---p 00000000 00:00 0 
7f8157800000-7f8158000000 rw-p 00000000 00:00 0 
7f8158000000-7f8158021000 rw-p 00000000 00:00 0 
7f8158021000-7f815c000000 ---p 00000000 00:00 0 
7f815c000000-7f815c021000 rw-p 00000000 00:00 0 
7f815c021000-7f8160000000 ---p 00000000 00:00 0 
7f8160000000-7f8160021000 rw-p 00000000 00:00 0 
7f8160021000-7f8164000000 ---p 00000000 00:00 0 
7f8164000000-7f8164021000 rw-p 00000000 00:00 0 
7f8164021000-7f8168000000 ---p 00000000 00:00 0 
7f8168000000-7f8168021000 rw-p 00000000 00:00 0 
7f8168021000-7f816c000000 ---p 00000000 00:00 0 
7f816c0d3000-7f816c0d6000 ---p 00000000 00:00 0 
7f816c0d6000-7f816c1d4000 rw-p 00000000 00:00 0 
7f816c1d4000-7f816c1eb000 r-xp 00000000 08:01 9441868                    /lib/x86_64-linux-gnu/libresolv-2.23.so
7f816c1eb000-7f816c3eb000 ---p 00017000 08:01 9441868                    /lib/x86_64-linux-gnu/libresolv-2.23.so
7f816c3eb000-7f816c3ec000 r--p 00017000 08:01 9441868                    /lib/x86_64-linux-gnu/libresolv-2.23.so
7f816c3ec000-7f816c3ed000 rw-p 00018000 08:01 9441868                    /lib/x86_64-linux-gnu/libresolv-2.23.so
7f816c3ed000-7f816c3ef000 rw-p 00000000 00:00 0 
7f816c3ef000-7f816c3f4000 r-xp 00000000 08:01 9441714                    /lib/x86_64-linux-gnu/libnss_dns-2.23.so
7f816c3f4000-7f816c5f4000 ---p 00005000 08:01 9441714                    /lib/x86_64-linux-gnu/libnss_dns-2.23.so
7f816c5f4000-7f816c5f5000 r--p 00005000 08:01 9441714                    /lib/x86_64-linux-gnu/libnss_dns-2.23.so
7f816c5f5000-7f816c5f6000 rw-p 00006000 08:01 9441714                    /lib/x86_64-linux-gnu/libnss_dns-2.23.so
7f816c5f6000-7f816c5f8000 r-xp 00000000 08:01 9441819                    /lib/x86_64-linux-gnu/libnss_mdns4_minimal.so.2
7f816c5f8000-7f816c7f7000 ---p 00002000 08:01 9441819                    /lib/x86_64-linux-gnu/libnss_mdns4_minimal.so.2
7f816c7f7000-7f816c7f8000 r--p 00001000 08:01 9441819                    /lib/x86_64-linux-gnu/libnss_mdns4_minimal.so.2
7f816c7f8000-7f816c7f9000 rw-p 00002000 08:01 9441819                    /lib/x86_64-linux-gnu/libnss_mdns4_minimal.so.2
7f816c7f9000-7f816c7fa000 ---p 00000000 00:00 0 
7f816c7fa000-7f816cffa000 rw-p 00000000 00:00 0 
7f816cffa000-7f816cffb000 ---p 00000000 00:00 0 
7f816cffb000-7f816d7fb000 rw-p 00000000 00:00 0 
7f816d7fb000-7f816d7fc000 ---p 00000000 00:00 0 
7f816d7fc000-7f816dffc000 rw-p 00000000 00:00 0 
7f816dffc000-7f816dffd000 ---p 00000000 00:00 0 
7f816dffd000-7f816e7fd000 rw-p 00000000 00:00 0 
7f816e7fd000-7f816e7fe000 ---p 00000000 00:00 0 
7f816e7fe000-7f816effe000 rw-p 00000000 00:00 0 
7f816effe000-7f816efff000 ---p 00000000 00:00 0 
7f816efff000-7f816f7ff000 rw-p 00000000 00:00 0 
7f816f7ff000-7f816f800000 ---p 00000000 00:00 0 
7f816f800000-7f8170000000 rw-p 00000000 00:00 0 
7f8170000000-7f8170021000 rw-p 00000000 00:00 0 
7f8170021000-7f8174000000 ---p 00000000 00:00 0 
7f8174000000-7f8174021000 rw-p 00000000 00:00 0 
7f8174021000-7f8178000000 ---p 00000000 00:00 0 
7f8178000000-7f8178492000 rw-p 00000000 00:00 0 
7f8178492000-7f817c000000 ---p 00000000 00:00 0 
7f817c000000-7f817c021000 rw-p 00000000 00:00 0 
7f817c021000-7f8180000000 ---p 00000000 00:00 0 
7f8180000000-7f8180021000 rw-p 00000000 00:00 0 
7f8180021000-7f8184000000 ---p 00000000 00:00 0 
7f8184000000-7f8184021000 rw-p 00000000 00:00 0 
7f8184021000-7f8188000000 ---p 00000000 00:00 0 
7f8188000000-7f8188021000 rw-p 00000000 00:00 0 
7f8188021000-7f818c000000 ---p 00000000 00:00 0 
7f818c000000-7f818c035000 rw-p 00000000 00:00 0 
7f818c035000-7f8190000000 ---p 00000000 00:00 0 
7f8190000000-7f8190021000 rw-p 00000000 00:00 0 
7f8190021000-7f8194000000 ---p 00000000 00:00 0 
7f8194000000-7f819406e000 rw-p 00000000 00:00 0 
7f819406e000-7f8198000000 ---p 00000000 00:00 0 
7f8198000000-7f8198021000 rw-p 00000000 00:00 0 
7f8198021000-7f819c000000 ---p 00000000 00:00 0 
7f819c000000-7f819c021000 rw-p 00000000 00:00 0 
7f819c021000-7f81a0000000 ---p 00000000 00:00 0 
7f81a0000000-7f81a0021000 rw-p 00000000 00:00 0 
7f81a0021000-7f81a4000000 ---p 00000000 00:00 0 
7f81a4000000-7f81a4021000 rw-p 00000000 00:00 0 
7f81a4021000-7f81a8000000 ---p 00000000 00:00 0 
7f81a8000000-7f81a8021000 rw-p 00000000 00:00 0 
7f81a8021000-7f81ac000000 ---p 00000000 00:00 0 
7f81ac080000-7f81ac081000 ---p 00000000 00:00 0 
7f81ac081000-7f81ac881000 rw-p 00000000 00:00 0 
7f81ac881000-7f81ac882000 ---p 00000000 00:00 0 
7f81ac882000-7f81ad082000 rw-p 00000000 00:00 0 
7f81ad082000-7f81ad083000 ---p 00000000 00:00 0 
7f81ad083000-7f81ad883000 rw-p 00000000 00:00 0 
7f81ad883000-7f81ad884000 ---p 00000000 00:00 0 
7f81ad884000-7f81ae084000 rw-p 00000000 00:00 0 
7f81ae084000-7f81ae09a000 r-xp 00000000 08:01 9441752                    /lib/x86_64-linux-gnu/libgcc_s.so.1
7f81ae09a000-7f81ae299000 ---p 00016000 08:01 9441752                    /lib/x86_64-linux-gnu/libgcc_s.so.1
7f81ae299000-7f81ae29a000 rw-p 00015000 08:01 9441752                    /lib/x86_64-linux-gnu/libgcc_s.so.1
7f81ae29a000-7f81ae40c000 r-xp 00000000 08:01 13640530                   /usr/lib/x86_64-linux-gnu/libstdc++.so.6.0.21
7f81ae40c000-7f81ae60c000 ---p 00172000 08:01 13640530                   /usr/lib/x86_64-linux-gnu/libstdc++.so.6.0.21
7f81ae60c000-7f81ae616000 r--p 00172000 08:01 13640530                   /usr/lib/x86_64-linux-gnu/libstdc++.so.6.0.21
7f81ae616000-7f81ae618000 rw-p 0017c000 08:01 13640530                   /usr/lib/x86_64-linux-gnu/libstdc++.so.6.0.21
7f81ae618000-7f81ae61c000 rw-p 00000000 00:00 0 
7f81ae61c000-7f81ae9ff000 r-xp 00000000 08:01 4065959                    /home/monteiro/workspace/m2bee/C++/ShareSpace/Applications/NetShare/Java/NetShare/libs/amd64/libnetshare.so
7f81ae9ff000-7f81aebfe000 ---p 003e3000 08:01 4065959                    /home/monteiro/workspace/m2bee/C++/ShareSpace/Applications/NetShare/Java/NetShare/libs/amd64/libnetshare.so
7f81aebfe000-7f81aec04000 r--p 003e2000 08:01 4065959                    /home/monteiro/workspace/m2bee/C++/ShareSpace/Applications/NetShare/Java/NetShare/libs/amd64/libnetshare.so
7f81aec04000-7f81aec15000 rw-p 003e8000 08:01 4065959                    /home/monteiro/workspace/m2bee/C++/ShareSpace/Applications/NetShare/Java/NetShare/libs/amd64/libnetshare.so
7f81aec15000-7f81aec16000 rw-p 00000000 00:00 0 
7f81aec16000-7f81aec17000 ---p 00000000 00:00 0 
7f81aec17000-7f81aed17000 rw-p 00000000 00:00 0 
7f81aed17000-7f81aed1a000 ---p 00000000 00:00 0 
7f81aed1a000-7f81aee18000 rw-p 00000000 00:00 0 
7f81aee18000-7f81aee1b000 ---p 00000000 00:00 0 
7f81aee1b000-7f81aef19000 rw-p 00000000 00:00 0 
7f81aef19000-7f81aef1c000 ---p 00000000 00:00 0 
7f81aef1c000-7f81af01a000 rw-p 00000000 00:00 0 
7f81af01a000-7f81af01d000 ---p 00000000 00:00 0 
7f81af01d000-7f81af11b000 rw-p 00000000 00:00 0 
7f81af11b000-7f81af11e000 ---p 00000000 00:00 0 
7f81af11e000-7f81af21c000 rw-p 00000000 00:00 0 
7f81af21c000-7f81af4f5000 r--p 00000000 08:01 13633008                   /usr/lib/locale/locale-archive
7f81af4f5000-7f81af4f8000 ---p 00000000 00:00 0 
7f81af4f8000-7f81af5f6000 rw-p 00000000 00:00 0 
7f81af5f6000-7f81af5f9000 ---p 00000000 00:00 0 
7f81af5f9000-7f81af6f7000 rw-p 00000000 00:00 0 
7f81af6f7000-7f81af6f8000 ---p 00000000 00:00 0 
7f81af6f8000-7f81b0000000 rw-p 00000000 00:00 0 
7f81b0000000-7f81b0021000 rw-p 00000000 00:00 0 
7f81b0021000-7f81b4000000 ---p 00000000 00:00 0 
7f81b40bd000-7f81b8000000 rw-p 00000000 00:00 0 
7f81b8000000-7f81b8021000 rw-p 00000000 00:00 0 
7f81b8021000-7f81bc000000 ---p 00000000 00:00 0 
7f81bc038000-7f81bc87c000 rw-p 00000000 00:00 0 
7f81bc87c000-7f81bcc3c000 ---p 00000000 00:00 0 
7f81bcc3c000-7f81bd000000 rw-p 00000000 00:00 0 
7f81bd000000-7f81bd270000 rwxp 00000000 00:00 0 
7f81bd270000-7f81cc000000 ---p 00000000 00:00 0 
7f81cc000000-7f81cc14d000 rw-p 00000000 00:00 0 
7f81cc14d000-7f81d0000000 ---p 00000000 00:00 0 
7f81d0048000-7f81d011b000 rw-p 00000000 00:00 0 
7f81d011b000-7f81d02f5000 r--s 03d4d000 08:01 1443360                    /home/monteiro/jdk1.8.0_141/jre/lib/rt.jar
7f81d02f5000-7f81d036b000 rw-p 00000000 00:00 0 
7f81d036b000-7f81d036c000 ---p 00000000 00:00 0 
7f81d036c000-7f81d046c000 rw-p 00000000 00:00 0 
7f81d046c000-7f81d046d000 ---p 00000000 00:00 0 
7f81d046d000-7f81d056d000 rw-p 00000000 00:00 0 
7f81d056d000-7f81d056e000 ---p 00000000 00:00 0 
7f81d056e000-7f81d066e000 rw-p 00000000 00:00 0 
7f81d066e000-7f81d066f000 ---p 00000000 00:00 0 
7f81d066f000-7f81d0798000 rw-p 00000000 00:00 0 
7f81d0798000-7f81d09f2000 ---p 00000000 00:00 0 
7f81d09f2000-7f81d0a1b000 rw-p 00000000 00:00 0 
7f81d0a1b000-7f81d0c74000 ---p 00000000 00:00 0 
7f81d0c74000-7f81d0c89000 rw-p 00000000 00:00 0 
7f81d0c89000-7f81d0db6000 ---p 00000000 00:00 0 
7f81d0db6000-7f81d0dc1000 rw-p 00000000 00:00 0 
7f81d0dc1000-7f81d1177000 ---p 00000000 00:00 0 
7f81d1177000-7f81d1191000 r-xp 00000000 08:01 1443391                    /home/monteiro/jdk1.8.0_141/jre/lib/amd64/libzip.so
7f81d1191000-7f81d1391000 ---p 0001a000 08:01 1443391                    /home/monteiro/jdk1.8.0_141/jre/lib/amd64/libzip.so
7f81d1391000-7f81d1392000 rw-p 0001a000 08:01 1443391                    /home/monteiro/jdk1.8.0_141/jre/lib/amd64/libzip.so
7f81d1392000-7f81d139d000 r-xp 00000000 08:01 9441738                    /lib/x86_64-linux-gnu/libnss_files-2.23.so
7f81d139d000-7f81d159c000 ---p 0000b000 08:01 9441738                    /lib/x86_64-linux-gnu/libnss_files-2.23.so
7f81d159c000-7f81d159d000 r--p 0000a000 08:01 9441738                    /lib/x86_64-linux-gnu/libnss_files-2.23.so
7f81d159d000-7f81d159e000 rw-p 0000b000 08:01 9441738                    /lib/x86_64-linux-gnu/libnss_files-2.23.so
7f81d159e000-7f81d15a4000 rw-p 00000000 00:00 0 
7f81d15a4000-7f81d15af000 r-xp 00000000 08:01 9441784                    /lib/x86_64-linux-gnu/libnss_nis-2.23.so
7f81d15af000-7f81d17ae000 ---p 0000b000 08:01 9441784                    /lib/x86_64-linux-gnu/libnss_nis-2.23.so
7f81d17ae000-7f81d17af000 r--p 0000a000 08:01 9441784                    /lib/x86_64-linux-gnu/libnss_nis-2.23.so
7f81d17af000-7f81d17b0000 rw-p 0000b000 08:01 9441784                    /lib/x86_64-linux-gnu/libnss_nis-2.23.so
7f81d17b0000-7f81d17c6000 r-xp 00000000 08:01 9441669                    /lib/x86_64-linux-gnu/libnsl-2.23.so
7f81d17c6000-7f81d19c5000 ---p 00016000 08:01 9441669                    /lib/x86_64-linux-gnu/libnsl-2.23.so
7f81d19c5000-7f81d19c6000 r--p 00015000 08:01 9441669                    /lib/x86_64-linux-gnu/libnsl-2.23.so
7f81d19c6000-7f81d19c7000 rw-p 00016000 08:01 9441669                    /lib/x86_64-linux-gnu/libnsl-2.23.so
7f81d19c7000-7f81d19c9000 rw-p 00000000 00:00 0 
7f81d19c9000-7f81d19d1000 r-xp 00000000 08:01 9441860                    /lib/x86_64-linux-gnu/libnss_compat-2.23.so
7f81d19d1000-7f81d1bd0000 ---p 00008000 08:01 9441860                    /lib/x86_64-linux-gnu/libnss_compat-2.23.so
7f81d1bd0000-7f81d1bd1000 r--p 00007000 08:01 9441860                    /lib/x86_64-linux-gnu/libnss_compat-2.23.so
7f81d1bd1000-7f81d1bd2000 rw-p 00008000 08:01 9441860                    /lib/x86_64-linux-gnu/libnss_compat-2.23.so
7f81d1bd2000-7f81d1bfd000 r-xp 00000000 08:01 1443418                    /home/monteiro/jdk1.8.0_141/jre/lib/amd64/libjava.so
7f81d1bfd000-7f81d1dfc000 ---p 0002b000 08:01 1443418                    /home/monteiro/jdk1.8.0_141/jre/lib/amd64/libjava.so
7f81d1dfc000-7f81d1dfe000 rw-p 0002a000 08:01 1443418                    /home/monteiro/jdk1.8.0_141/jre/lib/amd64/libjava.so
7f81d1dfe000-7f81d1e0b000 r-xp 00000000 08:01 1443369                    /home/monteiro/jdk1.8.0_141/jre/lib/amd64/libverify.so
7f81d1e0b000-7f81d200b000 ---p 0000d000 08:01 1443369                    /home/monteiro/jdk1.8.0_141/jre/lib/amd64/libverify.so
7f81d200b000-7f81d200d000 rw-p 0000d000 08:01 1443369                    /home/monteiro/jdk1.8.0_141/jre/lib/amd64/libverify.so
7f81d200d000-7f81d2014000 r-xp 00000000 08:01 9441809                    /lib/x86_64-linux-gnu/librt-2.23.so
7f81d2014000-7f81d2213000 ---p 00007000 08:01 9441809                    /lib/x86_64-linux-gnu/librt-2.23.so
7f81d2213000-7f81d2214000 r--p 00006000 08:01 9441809                    /lib/x86_64-linux-gnu/librt-2.23.so
7f81d2214000-7f81d2215000 rw-p 00007000 08:01 9441809                    /lib/x86_64-linux-gnu/librt-2.23.so
7f81d2215000-7f81d231d000 r-xp 00000000 08:01 9442858                    /lib/x86_64-linux-gnu/libm-2.23.so
7f81d231d000-7f81d251c000 ---p 00108000 08:01 9442858                    /lib/x86_64-linux-gnu/libm-2.23.so
7f81d251c000-7f81d251d000 r--p 00107000 08:01 9442858                    /lib/x86_64-linux-gnu/libm-2.23.so
7f81d251d000-7f81d251e000 rw-p 00108000 08:01 9442858                    /lib/x86_64-linux-gnu/libm-2.23.so
7f81d251e000-7f81d31f1000 r-xp 00000000 08:01 1443422                    /home/monteiro/jdk1.8.0_141/jre/lib/amd64/server/libjvm.so
7f81d31f1000-7f81d33f0000 ---p 00cd3000 08:01 1443422                    /home/monteiro/jdk1.8.0_141/jre/lib/amd64/server/libjvm.so
7f81d33f0000-7f81d34ca000 rw-p 00cd2000 08:01 1443422                    /home/monteiro/jdk1.8.0_141/jre/lib/amd64/server/libjvm.so
7f81d34ca000-7f81d3515000 rw-p 00000000 00:00 0 
7f81d3515000-7f81d36d5000 r-xp 00000000 08:01 9442863                    /lib/x86_64-linux-gnu/libc-2.23.so
7f81d36d5000-7f81d38d5000 ---p 001c0000 08:01 9442863                    /lib/x86_64-linux-gnu/libc-2.23.so
7f81d38d5000-7f81d38d9000 r--p 001c0000 08:01 9442863                    /lib/x86_64-linux-gnu/libc-2.23.so
7f81d38d9000-7f81d38db000 rw-p 001c4000 08:01 9442863                    /lib/x86_64-linux-gnu/libc-2.23.so
7f81d38db000-7f81d38df000 rw-p 00000000 00:00 0 
7f81d38df000-7f81d38e2000 r-xp 00000000 08:01 9441823                    /lib/x86_64-linux-gnu/libdl-2.23.so
7f81d38e2000-7f81d3ae1000 ---p 00003000 08:01 9441823                    /lib/x86_64-linux-gnu/libdl-2.23.so
7f81d3ae1000-7f81d3ae2000 r--p 00002000 08:01 9441823                    /lib/x86_64-linux-gnu/libdl-2.23.so
7f81d3ae2000-7f81d3ae3000 rw-p 00003000 08:01 9441823                    /lib/x86_64-linux-gnu/libdl-2.23.so
7f81d3ae3000-7f81d3af8000 r-xp 00000000 08:01 1442503                    /home/monteiro/jdk1.8.0_141/lib/amd64/jli/libjli.so
7f81d3af8000-7f81d3cf8000 ---p 00015000 08:01 1442503                    /home/monteiro/jdk1.8.0_141/lib/amd64/jli/libjli.so
7f81d3cf8000-7f81d3cf9000 rw-p 00015000 08:01 1442503                    /home/monteiro/jdk1.8.0_141/lib/amd64/jli/libjli.so
7f81d3cf9000-7f81d3d11000 r-xp 00000000 08:01 9441770                    /lib/x86_64-linux-gnu/libpthread-2.23.so
7f81d3d11000-7f81d3f10000 ---p 00018000 08:01 9441770                    /lib/x86_64-linux-gnu/libpthread-2.23.so
7f81d3f10000-7f81d3f11000 r--p 00017000 08:01 9441770                    /lib/x86_64-linux-gnu/libpthread-2.23.so
7f81d3f11000-7f81d3f12000 rw-p 00018000 08:01 9441770                    /lib/x86_64-linux-gnu/libpthread-2.23.so
7f81d3f12000-7f81d3f16000 rw-p 00000000 00:00 0 
7f81d3f16000-7f81d3f3c000 r-xp 00000000 08:01 9441696                    /lib/x86_64-linux-gnu/ld-2.23.so
7f81d3f4c000-7f81d4016000 rw-p 00000000 00:00 0 
7f81d4016000-7f81d4019000 ---p 00000000 00:00 0 
7f81d4019000-7f81d411b000 rw-p 00000000 00:00 0 
7f81d412f000-7f81d4137000 rw-s 00000000 08:01 6035841                    /tmp/hsperfdata_root/10762 (deleted)
7f81d4137000-7f81d4138000 rw-p 00000000 00:00 0 
7f81d4138000-7f81d4139000 ---p 00000000 00:00 0 
7f81d4139000-7f81d413b000 rw-p 00000000 00:00 0 
7f81d413b000-7f81d413c000 r--p 00025000 08:01 9441696                    /lib/x86_64-linux-gnu/ld-2.23.so
7f81d413c000-7f81d413d000 rw-p 00026000 08:01 9441696                    /lib/x86_64-linux-gnu/ld-2.23.so
7f81d413d000-7f81d413e000 rw-p 00000000 00:00 0 
7ffd6ce36000-7ffd6ce57000 rw-p 00000000 00:00 0                          [stack]
7ffd6cfcc000-7ffd6cfce000 r--p 00000000 00:00 0                          [vvar]
7ffd6cfce000-7ffd6cfd0000 r-xp 00000000 00:00 0                          [vdso]
ffffffffff600000-ffffffffff601000 r-xp 00000000 00:00 0                  [vsyscall]

VM Arguments:
jvm_args: -Dfile.encoding=UTF-8 
java_command: NetShare.Test
java_class_path (initial): /home/monteiro/workspace/m2bee/C++/ShareSpace/Applications/NetShare/Java/NetShare/build/classes
Launcher Type: SUN_STANDARD

Environment Variables:
PATH=/usr/local/sbin:/usr/local/bin:/usr/sbin:/usr/bin:/sbin:/bin:/snap/bin
USERNAME=root
LD_LIBRARY_PATH=/home/monteiro/jdk1.8.0_141/jre/lib/amd64:/home/monteiro/jdk1.8.0_141/jre/lib/i386:
SHELL=/bin/bash
DISPLAY=:0

Signal Handlers:
SIGSEGV: [libjvm.so+0xacba10], sa_mask[0]=11111111011111111101111111111110, sa_flags=SA_RESTART|SA_SIGINFO
SIGBUS: [libjvm.so+0xacba10], sa_mask[0]=11111111011111111101111111111110, sa_flags=SA_RESTART|SA_SIGINFO
SIGFPE: [libjvm.so+0x924ba0], sa_mask[0]=11111111011111111101111111111110, sa_flags=SA_RESTART|SA_SIGINFO
SIGPIPE: [libjvm.so+0x924ba0], sa_mask[0]=11111111011111111101111111111110, sa_flags=SA_RESTART|SA_SIGINFO
SIGXFSZ: [libjvm.so+0x924ba0], sa_mask[0]=11111111011111111101111111111110, sa_flags=SA_RESTART|SA_SIGINFO
SIGILL: [libjvm.so+0x924ba0], sa_mask[0]=11111111011111111101111111111110, sa_flags=SA_RESTART|SA_SIGINFO
SIGUSR1: SIG_DFL, sa_mask[0]=00000000000000000000000000000000, sa_flags=none
SIGUSR2: [libjvm.so+0x9263e0], sa_mask[0]=00100000000000000000000000000000, sa_flags=SA_RESTART|SA_SIGINFO
SIGHUP: [libjvm.so+0x9277e0], sa_mask[0]=11111111011111111101111111111110, sa_flags=SA_RESTART|SA_SIGINFO
SIGINT: SIG_IGN, sa_mask[0]=00000000000000000000000000000000, sa_flags=none
SIGTERM: [libjvm.so+0x9277e0], sa_mask[0]=11111111011111111101111111111110, sa_flags=SA_RESTART|SA_SIGINFO
SIGQUIT: [libjvm.so+0x9277e0], sa_mask[0]=11111111011111111101111111111110, sa_flags=SA_RESTART|SA_SIGINFO


---------------  S Y S T E M  ---------------

OS:DISTRIB_ID=Ubuntu
DISTRIB_RELEASE=16.04
DISTRIB_CODENAME=xenial
DISTRIB_DESCRIPTION="Ubuntu 16.04.2 LTS"

uname:Linux 4.10.0-32-generic #36~16.04.1-Ubuntu SMP Wed Aug 9 09:19:02 UTC 2017 x86_64
libc:glibc 2.23 NPTL 2.23 
rlimit: STACK 8192k, CORE 0k, NPROC 30673, NOFILE 1048576, AS infinity
load average:0,84 1,57 1,72

/proc/meminfo:
MemTotal:        7897056 kB
MemFree:         1095460 kB
MemAvailable:    1896896 kB
Buffers:          194428 kB
Cached:          1154788 kB
SwapCached:        68116 kB
Active:          5104524 kB
Inactive:        1206676 kB
Active(anon):    4609260 kB
Inactive(anon):   871352 kB
Active(file):     495264 kB
Inactive(file):   335324 kB
Unevictable:        1016 kB
Mlocked:            1016 kB
SwapTotal:       3915772 kB
SwapFree:        2725636 kB
Dirty:               128 kB
Writeback:             0 kB
AnonPages:       4796536 kB
Mapped:           573616 kB
Shmem:            518468 kB
Slab:             340816 kB
SReclaimable:     276224 kB
SUnreclaim:        64592 kB
KernelStack:       15184 kB
PageTables:        72968 kB
NFS_Unstable:          0 kB
Bounce:                0 kB
WritebackTmp:          0 kB
CommitLimit:     7864300 kB
Committed_AS:   16219852 kB
VmallocTotal:   34359738367 kB
VmallocUsed:           0 kB
VmallocChunk:          0 kB
HardwareCorrupted:     0 kB
AnonHugePages:   2588672 kB
ShmemHugePages:        0 kB
ShmemPmdMapped:        0 kB
CmaTotal:              0 kB
CmaFree:               0 kB
HugePages_Total:       0
HugePages_Free:        0
HugePages_Rsvd:        0
HugePages_Surp:        0
Hugepagesize:       2048 kB
DirectMap4k:      543552 kB
DirectMap2M:     7567360 kB


CPU:total 4 (initial active 4) (2 cores per cpu, 2 threads per core) family 6 model 37 stepping 2, cmov, cx8, fxsr, mmx, sse, sse2, sse3, ssse3, sse4.1, sse4.2, popcnt, aes, clmul, ht, tsc, tscinvbit

/proc/cpuinfo:
processor	: 0
vendor_id	: GenuineIntel
cpu family	: 6
model		: 37
model name	: Intel(R) Core(TM) i5 CPU       M 520  @ 2.40GHz
stepping	: 2
microcode	: 0xe
cpu MHz		: 1333.000
cache size	: 3072 KB
physical id	: 0
siblings	: 4
core id		: 0
cpu cores	: 2
apicid		: 0
initial apicid	: 0
fpu		: yes
fpu_exception	: yes
cpuid level	: 11
wp		: yes
flags		: fpu vme de pse tsc msr pae mce cx8 apic sep mtrr pge mca cmov pat pse36 clflush dts acpi mmx fxsr sse sse2 ss ht tm pbe syscall nx rdtscp lm constant_tsc arch_perfmon pebs bts rep_good nopl xtopology nonstop_tsc aperfmperf pni pclmulqdq dtes64 monitor ds_cpl vmx smx est tm2 ssse3 cx16 xtpr pdcm sse4_1 sse4_2 popcnt aes lahf_lm tpr_shadow vnmi flexpriority ept vpid dtherm ida arat
bugs		:
bogomips	: 4787.67
clflush size	: 64
cache_alignment	: 64
address sizes	: 36 bits physical, 48 bits virtual
power management:

processor	: 1
vendor_id	: GenuineIntel
cpu family	: 6
model		: 37
model name	: Intel(R) Core(TM) i5 CPU       M 520  @ 2.40GHz
stepping	: 2
microcode	: 0xe
cpu MHz		: 2400.000
cache size	: 3072 KB
physical id	: 0
siblings	: 4
core id		: 0
cpu cores	: 2
apicid		: 1
initial apicid	: 1
fpu		: yes
fpu_exception	: yes
cpuid level	: 11
wp		: yes
flags		: fpu vme de pse tsc msr pae mce cx8 apic sep mtrr pge mca cmov pat pse36 clflush dts acpi mmx fxsr sse sse2 ss ht tm pbe syscall nx rdtscp lm constant_tsc arch_perfmon pebs bts rep_good nopl xtopology nonstop_tsc aperfmperf pni pclmulqdq dtes64 monitor ds_cpl vmx smx est tm2 ssse3 cx16 xtpr pdcm sse4_1 sse4_2 popcnt aes lahf_lm tpr_shadow vnmi flexpriority ept vpid dtherm ida arat
bugs		:
bogomips	: 4787.67
clflush size	: 64
cache_alignment	: 64
address sizes	: 36 bits physical, 48 bits virtual
power management:

processor	: 2
vendor_id	: GenuineIntel
cpu family	: 6
model		: 37
model name	: Intel(R) Core(TM) i5 CPU       M 520  @ 2.40GHz
stepping	: 2
microcode	: 0xe
cpu MHz		: 1333.000
cache size	: 3072 KB
physical id	: 0
siblings	: 4
core id		: 2
cpu cores	: 2
apicid		: 4
initial apicid	: 4
fpu		: yes
fpu_exception	: yes
cpuid level	: 11
wp		: yes
flags		: fpu vme de pse tsc msr pae mce cx8 apic sep mtrr pge mca cmov pat pse36 clflush dts acpi mmx fxsr sse sse2 ss ht tm pbe syscall nx rdtscp lm constant_tsc arch_perfmon pebs bts rep_good nopl xtopology nonstop_tsc aperfmperf pni pclmulqdq dtes64 monitor ds_cpl vmx smx est tm2 ssse3 cx16 xtpr pdcm sse4_1 sse4_2 popcnt aes lahf_lm tpr_shadow vnmi flexpriority ept vpid dtherm ida arat
bugs		:
bogomips	: 4787.67
clflush size	: 64
cache_alignment	: 64
address sizes	: 36 bits physical, 48 bits virtual
power management:

processor	: 3
vendor_id	: GenuineIntel
cpu family	: 6
model		: 37
model name	: Intel(R) Core(TM) i5 CPU       M 520  @ 2.40GHz
stepping	: 2
microcode	: 0xe
cpu MHz		: 1333.000
cache size	: 3072 KB
physical id	: 0
siblings	: 4
core id		: 2
cpu cores	: 2
apicid		: 5
initial apicid	: 5
fpu		: yes
fpu_exception	: yes
cpuid level	: 11
wp		: yes
flags		: fpu vme de pse tsc msr pae mce cx8 apic sep mtrr pge mca cmov pat pse36 clflush dts acpi mmx fxsr sse sse2 ss ht tm pbe syscall nx rdtscp lm constant_tsc arch_perfmon pebs bts rep_good nopl xtopology nonstop_tsc aperfmperf pni pclmulqdq dtes64 monitor ds_cpl vmx smx est tm2 ssse3 cx16 xtpr pdcm sse4_1 sse4_2 popcnt aes lahf_lm tpr_shadow vnmi flexpriority ept vpid dtherm ida arat
bugs		:
bogomips	: 4787.67
clflush size	: 64
cache_alignment	: 64
address sizes	: 36 bits physical, 48 bits virtual
power management:



Memory: 4k page, physical 7897056k(1095460k free), swap 3915772k(2725636k free)

vm_info: Java HotSpot(TM) 64-Bit Server VM (25.141-b15) for linux-amd64 JRE (1.8.0_141-b15), built on Jul 12 2017 04:21:34 by "java_re" with gcc 4.3.0 20080428 (Red Hat 4.3.0-8)

time: Sun Aug 20 12:33:51 2017
elapsed time: 57 seconds (0d 0h 0m 57s)

