#
# A fatal error has been detected by the Java Runtime Environment:
#
#  SIGSEGV (0xb) at pc=0xb6c2ea9b, pid=14167, tid=3060333376
#
# JRE version: Java(TM) SE Runtime Environment (8.0_65-b17) (build 1.8.0_65-b17)
# Java VM: Java HotSpot(TM) Server VM (25.65-b01 mixed mode linux-x86 )
# Problematic frame:
# V  [libjvm.so+0x549a9b]  jni_GetByteArrayElements+0x9b
#
# Failed to write core dump. Core dumps have been disabled. To enable core dumping, try "ulimit -c unlimited" before starting Java again
#
# If you would like to submit a bug report, please visit:
#   http://bugreport.java.com/bugreport/crash.jsp
#

---------------  T H R E A D  ---------------

Current thread (0xb6508c00):  JavaThread "main" [_thread_in_vm, id=14170, stack(0xb663f000,0xb6690000)]

siginfo: si_signo: 11 (SIGSEGV), si_code: 1 (SEGV_MAPERR), si_addr: 0x00000000

Registers:
EAX=0x00000000, EBX=0xb70b522c, ECX=0xb76e6000, EDX=0xb70e36a0
ESP=0xb668ed50, EBP=0xb668ed88, ESI=0x00000ffc, EDI=0xb6508c00
EIP=0xb6c2ea9b, EFLAGS=0x00010246, CR2=0x00000000

Top of Stack: (sp=0xb668ed50)
0xb668ed50:   00000000 638f8928 b668ede8 b7618c97
0xb668ed60:   b7742000 62ef2504 00000005 638f6970
0xb668ed70:   630fb410 62edde24 638f6b28 630fa000
0xb668ed80:   0000000c 00000001 b668eda8 62fdccb7
0xb668ed90:   b6508d38 00000000 00000000 62fdcc99
0xb668eda0:   b6508d38 638f6970 b668ede8 62fdcd37
0xb668edb0:   b6508d38 00000000 00000000 62fdccfe
0xb668edc0:   b772c6eb b668ee04 b668ee0c b668ee10 

Instructions: (pc=0xb6c2ea9b)
0xb6c2ea7b:   a9 00 00 00 30 74 0c 83 ec 0c 57 e8 25 2c 33 00
0xb6c2ea8b:   83 c4 10 c7 87 74 01 00 00 06 00 00 00 8b 45 0c
0xb6c2ea9b:   8b 00 89 45 cc 8b 40 08 89 45 d0 85 c0 0f 84 fa
0xb6c2eaab:   00 00 00 8b b3 60 d8 ff ff 8b 06 3d ff 00 00 00 

Register to memory mapping:

EAX=0x00000000 is an unknown value
EBX=0xb70b522c: <offset 0x9d022c> in /home/monteiro/jdk1.8.0_65/jre/lib/i386/server/libjvm.so at 0xb66e5000
ECX=0xb76e6000 is an unknown value
EDX=0xb70e36a0: <offset 0x9fe6a0> in /home/monteiro/jdk1.8.0_65/jre/lib/i386/server/libjvm.so at 0xb66e5000
ESP=0xb668ed50 is pointing into the stack for thread: 0xb6508c00
EBP=0xb668ed88 is pointing into the stack for thread: 0xb6508c00
ESI=0x00000ffc is an unknown value
EDI=0xb6508c00 is a thread


Stack: [0xb663f000,0xb6690000],  sp=0xb668ed50,  free space=319k
Native frames: (J=compiled Java code, j=interpreted, Vv=VM code, C=native code)
V  [libjvm.so+0x549a9b]  jni_GetByteArrayElements+0x9b
C  [libShareNative4895701601587700494.so+0x118cb7]  JNIEnv_::GetByteArrayElements(_jbyteArray*, unsigned char*)+0x29
C  [libShareNative4895701601587700494.so+0x118d37]  toBuffer+0x46
C  [libShareNative4895701601587700494.so+0x118938]  Java_Share_BufferShare_Encode+0x80
j  Share.BufferShare.Encode([BII)I+0
j  Share.OBufferShare.Set([B)V+15
j  Share.Test.main([Ljava/lang/String;)V+17
v  ~StubRoutines::call_stub
V  [libjvm.so+0x4fbd4f]  JavaCalls::call_helper(JavaValue*, methodHandle*, JavaCallArguments*, Thread*)+0x101f
V  [libjvm.so+0x74bf89]  os::os_exception_wrapper(void (*)(JavaValue*, methodHandle*, JavaCallArguments*, Thread*), JavaValue*, methodHandle*, JavaCallArguments*, Thread*)+0x19
V  [libjvm.so+0x4fa31f]  JavaCalls::call(JavaValue*, methodHandle, JavaCallArguments*, Thread*)+0x2f
V  [libjvm.so+0x5444cf]  jni_invoke_static(JNIEnv_*, JavaValue*, _jobject*, JNICallType, _jmethodID*, JNI_ArgumentPusher*, Thread*)+0x38f
V  [libjvm.so+0x556f4f]  jni_CallStaticVoidMethod+0xdf
C  [libjli.so+0x7666]  JavaMain+0x8d6
C  [libpthread.so.0+0x62b5]  start_thread+0xe5
C  [libc.so.6+0xe716e]  clone+0x6e

Java frames: (J=compiled Java code, j=interpreted, Vv=VM code)
j  Share.BufferShare.Encode([BII)I+0
j  Share.OBufferShare.Set([B)V+15
j  Share.Test.main([Ljava/lang/String;)V+17
v  ~StubRoutines::call_stub

---------------  P R O C E S S  ---------------

Java Threads: ( => current thread )
  0x638c6800 JavaThread "Service Thread" daemon [_thread_blocked, id=14194, stack(0x63297000,0x632e8000)]
  0x638b2400 JavaThread "C1 CompilerThread2" daemon [_thread_blocked, id=14193, stack(0x632e8000,0x63369000)]
  0x638b1000 JavaThread "C2 CompilerThread1" daemon [_thread_blocked, id=14192, stack(0x63369000,0x633ea000)]
  0x638af000 JavaThread "C2 CompilerThread0" daemon [_thread_blocked, id=14191, stack(0x633ea000,0x6346b000)]
  0x63600800 JavaThread "JDWP Command Reader" daemon [_thread_in_native, id=14185, stack(0x6346b000,0x634bc000)]
  0x638ad800 JavaThread "JDWP Event Helper Thread" daemon [_thread_blocked, id=14184, stack(0x634bc000,0x6350d000)]
  0x638aa000 JavaThread "JDWP Transport Listener: dt_socket" daemon [_thread_blocked, id=14181, stack(0x6350d000,0x6355e000)]
  0x638a1800 JavaThread "Signal Dispatcher" daemon [_thread_blocked, id=14180, stack(0x6355e000,0x635af000)]
  0x63886000 JavaThread "Finalizer" daemon [_thread_blocked, id=14178, stack(0x635af000,0x63600000)]
  0x63884800 JavaThread "Reference Handler" daemon [_thread_blocked, id=14177, stack(0x6390a000,0x6395b000)]
=>0xb6508c00 JavaThread "main" [_thread_in_vm, id=14170, stack(0xb663f000,0xb6690000)]

Other Threads:
  0x63881800 VMThread [stack: 0x6395b000,0x639dc000] [id=14176]
  0x638e1c00 WatcherThread [stack: 0x63216000,0x63297000] [id=14195]

VM state:not at safepoint (normal execution)

VM Mutex/Monitor currently owned by a thread: None

Heap:
 PSYoungGen      total 19200K, used 1997K [0x918c0000, 0x92e00000, 0xa6e00000)
  eden space 16640K, 12% used [0x918c0000,0x91ab3510,0x92900000)
  from space 2560K, 0% used [0x92b80000,0x92b80000,0x92e00000)
  to   space 2560K, 0% used [0x92900000,0x92900000,0x92b80000)
 ParOldGen       total 43776K, used 0K [0x66e00000, 0x698c0000, 0x918c0000)
  object space 43776K, 0% used [0x66e00000,0x66e00000,0x698c0000)
 Metaspace       used 1954K, capacity 2240K, committed 2328K, reserved 4400K

Card table byte_map: [0x66bff000,0x66e00000] byte_map_base: 0x668c8000

Marking Bits: (ParMarkBitMap*) 0xb70e3380
 Begin Bits: [0x64400000, 0x65400000)
 End Bits:   [0x65400000, 0x66400000)

Polling page: 0xb76e7000

CodeCache: size=245760Kb used=758Kb max_used=770Kb free=245001Kb
 bounds [0xa7281000, 0xa74c1000, 0xb6281000]
 total_blobs=215 nmethods=64 adapters=74
 compilation: enabled

Compilation events (10 events):
Event: 102.389 Thread 0x638b2400   60       3       java.io.BufferedInputStream::getInIfOpen (21 bytes)
Event: 102.389 Thread 0x638b2400 nmethod 60 0xa733a308 code [0xa733a440, 0xa733a5ec]
Event: 102.389 Thread 0x638b2400   61       3       java.io.BufferedInputStream::fill (233 bytes)
Event: 102.390 Thread 0x638b2400 nmethod 61 0xa733a6c8 code [0xa733a900, 0xa733b1e0]
Event: 102.409 Thread 0x638af000   62       4       java.io.FilterInputStream::read (9 bytes)
Event: 102.409 Thread 0x638b1000   63  s    4       java.io.BufferedInputStream::read (113 bytes)
Event: 102.449 Thread 0x638b1000 nmethod 63 0xa733eb48 code [0xa733ecc0, 0xa733f5dc]
Event: 102.449 Thread 0x638b1000   64       4       java.io.BufferedInputStream::read1 (108 bytes)
Event: 102.451 Thread 0x638af000 nmethod 62 0xa733c308 code [0xa733c480, 0xa733cdfc]
Event: 102.472 Thread 0x638b1000 nmethod 64 0xa733b688 code [0xa733b7c0, 0xa733be3c]

GC Heap History (0 events):
No events

Deoptimization events (0 events):
No events

Internal exceptions (6 events):
Event: 0.058 Thread 0xb6508c00 Exception <a 'java/lang/NoSuchMethodError': Method sun.misc.Unsafe.defineClass(Ljava/lang/String;[BII)Ljava/lang/Class; name or signature does not match> (0x918d04a0) thrown at [/HUDSON/workspace/8-2-build-linux-i586/jdk8u65/4987/hotspot/src/share/vm/prim
Event: 0.058 Thread 0xb6508c00 Exception <a 'java/lang/NoSuchMethodError': Method sun.misc.Unsafe.prefetchRead(Ljava/lang/Object;J)V name or signature does not match> (0x918d0770) thrown at [/HUDSON/workspace/8-2-build-linux-i586/jdk8u65/4987/hotspot/src/share/vm/prims/jni.cpp, line 39
Event: 11.611 Thread 0xb6508c00 Exception <a 'java/security/PrivilegedActionException'> (0x91a5d4a0) thrown at [/HUDSON/workspace/8-2-build-linux-i586/jdk8u65/4987/hotspot/src/share/vm/prims/jvm.cpp, line 1386]
Event: 11.611 Thread 0xb6508c00 Exception <a 'java/security/PrivilegedActionException'> (0x91a5d6a0) thrown at [/HUDSON/workspace/8-2-build-linux-i586/jdk8u65/4987/hotspot/src/share/vm/prims/jvm.cpp, line 1386]
Event: 11.612 Thread 0xb6508c00 Exception <a 'java/security/PrivilegedActionException'> (0x91a5f880) thrown at [/HUDSON/workspace/8-2-build-linux-i586/jdk8u65/4987/hotspot/src/share/vm/prims/jvm.cpp, line 1386]
Event: 11.612 Thread 0xb6508c00 Exception <a 'java/security/PrivilegedActionException'> (0x91a5fa80) thrown at [/HUDSON/workspace/8-2-build-linux-i586/jdk8u65/4987/hotspot/src/share/vm/prims/jvm.cpp, line 1386]

Events (10 events):
Event: 102.371 loading class sun/net/ProgressMeteringPolicy done
Event: 102.371 loading class sun/net/DefaultProgressMeteringPolicy done
Event: 102.371 loading class java/net/JarURLConnection
Event: 102.372 loading class java/net/JarURLConnection done
Event: 102.659 Executing VM operation: GetOrSetLocal
Event: 102.659 Executing VM operation: GetOrSetLocal done
Event: 102.661 Executing VM operation: GetOrSetLocal
Event: 102.661 Executing VM operation: GetOrSetLocal done
Event: 102.662 Executing VM operation: GetOrSetLocal
Event: 102.662 Executing VM operation: GetOrSetLocal done


Dynamic libraries:
08048000-08049000 r-xp 00000000 08:03 333651     /home/monteiro/jdk1.8.0_65/bin/java
08049000-0804a000 rw-p 00000000 08:03 333651     /home/monteiro/jdk1.8.0_65/bin/java
09966000-09987000 rw-p 00000000 00:00 0          [heap]
62c73000-62ec4000 rw-p 00000000 00:00 0 
62ec4000-630f4000 r-xp 00000000 08:03 1839947    /tmp/libShareNative4895701601587700494.so
630f4000-630f5000 ---p 00230000 08:03 1839947    /tmp/libShareNative4895701601587700494.so
630f5000-630fa000 r--p 00230000 08:03 1839947    /tmp/libShareNative4895701601587700494.so
630fa000-630fe000 rw-p 00235000 08:03 1839947    /tmp/libShareNative4895701601587700494.so
630fe000-63100000 rw-p 00000000 00:00 0 
63100000-6313a000 rw-p 00000000 00:00 0 
6313a000-63200000 ---p 00000000 00:00 0 
63216000-63217000 ---p 00000000 00:00 0 
63217000-63297000 rw-p 00000000 00:00 0 
63297000-6329a000 ---p 00000000 00:00 0 
6329a000-632e8000 rw-p 00000000 00:00 0 
632e8000-632eb000 ---p 00000000 00:00 0 
632eb000-63369000 rw-p 00000000 00:00 0 
63369000-6336c000 ---p 00000000 00:00 0 
6336c000-633ea000 rw-p 00000000 00:00 0 
633ea000-633ed000 ---p 00000000 00:00 0 
633ed000-6346b000 rw-p 00000000 00:00 0 
6346b000-6346e000 ---p 00000000 00:00 0 
6346e000-634bc000 rw-p 00000000 00:00 0 
634bc000-634bf000 ---p 00000000 00:00 0 
634bf000-6350d000 rw-p 00000000 00:00 0 
6350d000-63510000 ---p 00000000 00:00 0 
63510000-6355e000 rw-p 00000000 00:00 0 
6355e000-63561000 ---p 00000000 00:00 0 
63561000-635af000 rw-p 00000000 00:00 0 
635af000-635b2000 ---p 00000000 00:00 0 
635b2000-63600000 rw-p 00000000 00:00 0 
63600000-63621000 rw-p 00000000 00:00 0 
63621000-63700000 ---p 00000000 00:00 0 
63700000-63721000 rw-p 00000000 00:00 0 
63721000-63800000 ---p 00000000 00:00 0 
63800000-638fd000 rw-p 00000000 00:00 0 
638fd000-63900000 ---p 00000000 00:00 0 
6390a000-6390d000 ---p 00000000 00:00 0 
6390d000-6395b000 rw-p 00000000 00:00 0 
6395b000-6395c000 ---p 00000000 00:00 0 
6395c000-639dc000 rw-p 00000000 00:00 0 
639dc000-63bb4000 r--s 03d20000 08:03 333918     /home/monteiro/jdk1.8.0_65/jre/lib/rt.jar
63bb4000-63dfa000 rw-p 00000000 00:00 0 
63dfa000-64000000 ---p 00000000 00:00 0 
64000000-66400000 rw-p 00000000 00:00 0 
66400000-66421000 rw-p 00000000 00:00 0 
66421000-66500000 ---p 00000000 00:00 0 
66530000-6657f000 rw-p 00000000 00:00 0 
6657f000-66580000 ---p 00000000 00:00 0 
66580000-66600000 rw-p 00000000 00:00 0 
66600000-66621000 rw-p 00000000 00:00 0 
66621000-66700000 ---p 00000000 00:00 0 
66700000-667d0000 rw-p 00000000 00:00 0 
667d0000-66800000 ---p 00000000 00:00 0 
66824000-6687f000 rw-p 00000000 00:00 0 
6687f000-66880000 ---p 00000000 00:00 0 
66880000-66900000 rw-p 00000000 00:00 0 
66900000-669a7000 rw-p 00000000 00:00 0 
669a7000-66a00000 ---p 00000000 00:00 0 
66a28000-66a29000 ---p 00000000 00:00 0 
66a29000-66abf000 rw-p 00000000 00:00 0 
66abf000-66bff000 ---p 00000000 00:00 0 
66bff000-66c15000 rw-p 00000000 00:00 0 
66c15000-66d54000 ---p 00000000 00:00 0 
66d54000-66d5f000 rw-p 00000000 00:00 0 
66d5f000-66dff000 ---p 00000000 00:00 0 
66dff000-698c0000 rw-p 00000000 00:00 0 
698c0000-918c0000 ---p 00000000 00:00 0 
918c0000-92e00000 rw-p 00000000 00:00 0 
92e00000-a6e00000 ---p 00000000 00:00 0 
a6e28000-a6e40000 rw-p 00000000 00:00 0 
a6e40000-a6e41000 ---p 00000000 00:00 0 
a6e41000-a6eca000 rw-p 00000000 00:00 0 
a6eca000-a7281000 ---p 00000000 00:00 0 
a7281000-a74c1000 rwxp 00000000 00:00 0 
a74c1000-b6281000 ---p 00000000 00:00 0 
b6281000-b628c000 r-xp 00000000 08:03 1598251    /lib/i386-linux-gnu/libnss_files-2.23.so
b628c000-b628d000 r--p 0000a000 08:03 1598251    /lib/i386-linux-gnu/libnss_files-2.23.so
b628d000-b628e000 rw-p 0000b000 08:03 1598251    /lib/i386-linux-gnu/libnss_files-2.23.so
b628e000-b6294000 rw-p 00000000 00:00 0 
b629d000-b62a2000 r--s 00096000 08:03 333922     /home/monteiro/jdk1.8.0_65/jre/lib/jsse.jar
b62a2000-b62a5000 r-xp 00000000 08:03 333836     /home/monteiro/jdk1.8.0_65/jre/lib/i386/libdt_socket.so
b62a5000-b62a6000 rw-p 00003000 08:03 333836     /home/monteiro/jdk1.8.0_65/jre/lib/i386/libdt_socket.so
b62a6000-b62bf000 r-xp 00000000 08:03 333874     /home/monteiro/jdk1.8.0_65/jre/lib/i386/libzip.so
b62bf000-b62c0000 rw-p 00019000 08:03 333874     /home/monteiro/jdk1.8.0_65/jre/lib/i386/libzip.so
b62c0000-b62c8000 rw-s 00000000 08:03 1839935    /tmp/hsperfdata_root/14167
b62c8000-b64c8000 r--p 00000000 08:03 2365678    /usr/lib/locale/locale-archive
b64c8000-b64ff000 r-xp 00000000 08:03 333864     /home/monteiro/jdk1.8.0_65/jre/lib/i386/libjdwp.so
b64ff000-b6500000 rw-p 00037000 08:03 333864     /home/monteiro/jdk1.8.0_65/jre/lib/i386/libjdwp.so
b6500000-b65fc000 rw-p 00000000 00:00 0 
b65fc000-b6600000 ---p 00000000 00:00 0 
b6601000-b660c000 r-xp 00000000 08:03 1598227    /lib/i386-linux-gnu/libnss_nis-2.23.so
b660c000-b660d000 r--p 0000a000 08:03 1598227    /lib/i386-linux-gnu/libnss_nis-2.23.so
b660d000-b660e000 rw-p 0000b000 08:03 1598227    /lib/i386-linux-gnu/libnss_nis-2.23.so
b660e000-b6625000 r-xp 00000000 08:03 1598224    /lib/i386-linux-gnu/libnsl-2.23.so
b6625000-b6626000 r--p 00016000 08:03 1598224    /lib/i386-linux-gnu/libnsl-2.23.so
b6626000-b6627000 rw-p 00017000 08:03 1598224    /lib/i386-linux-gnu/libnsl-2.23.so
b6627000-b6629000 rw-p 00000000 00:00 0 
b6629000-b6631000 r-xp 00000000 08:03 1598205    /lib/i386-linux-gnu/libnss_compat-2.23.so
b6631000-b6632000 r--p 00007000 08:03 1598205    /lib/i386-linux-gnu/libnss_compat-2.23.so
b6632000-b6633000 rw-p 00008000 08:03 1598205    /lib/i386-linux-gnu/libnss_compat-2.23.so
b6633000-b6635000 r-xp 00000000 08:03 333849     /home/monteiro/jdk1.8.0_65/jre/lib/i386/libnpt.so
b6635000-b6636000 rw-p 00001000 08:03 333849     /home/monteiro/jdk1.8.0_65/jre/lib/i386/libnpt.so
b6636000-b663d000 r-xp 00000000 08:03 1598638    /lib/i386-linux-gnu/librt-2.23.so
b663d000-b663e000 r--p 00006000 08:03 1598638    /lib/i386-linux-gnu/librt-2.23.so
b663e000-b663f000 rw-p 00007000 08:03 1598638    /lib/i386-linux-gnu/librt-2.23.so
b663f000-b6642000 ---p 00000000 00:00 0 
b6642000-b6690000 rw-p 00000000 00:00 0 
b6690000-b66e3000 r-xp 00000000 08:03 1598365    /lib/i386-linux-gnu/libm-2.23.so
b66e3000-b66e4000 r--p 00052000 08:03 1598365    /lib/i386-linux-gnu/libm-2.23.so
b66e4000-b66e5000 rw-p 00053000 08:03 1598365    /lib/i386-linux-gnu/libm-2.23.so
b66e5000-b7065000 r-xp 00000000 08:03 333855     /home/monteiro/jdk1.8.0_65/jre/lib/i386/server/libjvm.so
b7065000-b70d2000 rw-p 00980000 08:03 333855     /home/monteiro/jdk1.8.0_65/jre/lib/i386/server/libjvm.so
b70d2000-b74f8000 rw-p 00000000 00:00 0 
b74f8000-b76a7000 r-xp 00000000 08:03 1598988    /lib/i386-linux-gnu/libc-2.23.so
b76a7000-b76a8000 ---p 001af000 08:03 1598988    /lib/i386-linux-gnu/libc-2.23.so
b76a8000-b76aa000 r--p 001af000 08:03 1598988    /lib/i386-linux-gnu/libc-2.23.so
b76aa000-b76ab000 rw-p 001b1000 08:03 1598988    /lib/i386-linux-gnu/libc-2.23.so
b76ab000-b76ae000 rw-p 00000000 00:00 0 
b76ae000-b76b1000 r-xp 00000000 08:03 1599059    /lib/i386-linux-gnu/libdl-2.23.so
b76b1000-b76b2000 r--p 00002000 08:03 1599059    /lib/i386-linux-gnu/libdl-2.23.so
b76b2000-b76b3000 rw-p 00003000 08:03 1599059    /lib/i386-linux-gnu/libdl-2.23.so
b76b3000-b76c7000 r-xp 00000000 08:03 283908     /home/monteiro/jdk1.8.0_65/lib/i386/jli/libjli.so
b76c7000-b76c8000 rw-p 00014000 08:03 283908     /home/monteiro/jdk1.8.0_65/lib/i386/jli/libjli.so
b76c8000-b76e1000 r-xp 00000000 08:03 1598705    /lib/i386-linux-gnu/libpthread-2.23.so
b76e1000-b76e2000 r--p 00018000 08:03 1598705    /lib/i386-linux-gnu/libpthread-2.23.so
b76e2000-b76e3000 rw-p 00019000 08:03 1598705    /lib/i386-linux-gnu/libpthread-2.23.so
b76e3000-b76e5000 rw-p 00000000 00:00 0 
b76e5000-b76e6000 r--p 002d4000 08:03 2365678    /usr/lib/locale/locale-archive
b76e6000-b76e7000 rw-p 00000000 00:00 0 
b76e7000-b76e8000 r--p 00000000 00:00 0 
b76e8000-b770c000 r-xp 00000000 08:03 333869     /home/monteiro/jdk1.8.0_65/jre/lib/i386/libjava.so
b770c000-b770d000 rw-p 00023000 08:03 333869     /home/monteiro/jdk1.8.0_65/jre/lib/i386/libjava.so
b770d000-b7718000 r-xp 00000000 08:03 333823     /home/monteiro/jdk1.8.0_65/jre/lib/i386/libverify.so
b7718000-b7719000 rw-p 0000b000 08:03 333823     /home/monteiro/jdk1.8.0_65/jre/lib/i386/libverify.so
b7719000-b771b000 rw-p 00000000 00:00 0 
b771b000-b771d000 r--p 00000000 00:00 0          [vvar]
b771d000-b771e000 r-xp 00000000 00:00 0          [vdso]
b771e000-b7740000 r-xp 00000000 08:03 1598679    /lib/i386-linux-gnu/ld-2.23.so
b7740000-b7741000 rw-p 00000000 00:00 0 
b7741000-b7742000 r--p 00022000 08:03 1598679    /lib/i386-linux-gnu/ld-2.23.so
b7742000-b7743000 rw-p 00023000 08:03 1598679    /lib/i386-linux-gnu/ld-2.23.so
bfc8f000-bfc90000 rwxp 00000000 00:00 0 
bfcc2000-bfce3000 rw-p 00000000 00:00 0          [stack]

VM Arguments:
jvm_args: -Xdebug -Xrunjdwp:transport=dt_socket,address=localhost.localdomain:42571 -Dfile.encoding=UTF-8 
java_command: Share.Test
java_class_path (initial): /media/data/Workspace/M2Bee/C++/ShareSpace/Interfaces/Java/Share/build/classes
Launcher Type: SUN_STANDARD

Environment Variables:
PATH=/usr/local/sbin:/usr/local/bin:/usr/sbin:/usr/bin:/sbin:/bin:/snap/bin
USERNAME=root
LD_LIBRARY_PATH=/home/monteiro/jdk1.8.0_65/jre/lib/amd64:/home/monteiro/jdk1.8.0_65/jre/lib/i386:
SHELL=/bin/bash
DISPLAY=:0

Signal Handlers:
SIGSEGV: [libjvm.so+0x8cdbd0], sa_mask[0]=11111111011111111101111111111110, sa_flags=SA_RESTART|SA_SIGINFO
SIGBUS: [libjvm.so+0x8cdbd0], sa_mask[0]=11111111011111111101111111111110, sa_flags=SA_RESTART|SA_SIGINFO
SIGFPE: [libjvm.so+0x74db40], sa_mask[0]=11111111011111111101111111111110, sa_flags=SA_RESTART|SA_SIGINFO
SIGPIPE: [libjvm.so+0x74db40], sa_mask[0]=11111111011111111101111111111110, sa_flags=SA_RESTART|SA_SIGINFO
SIGXFSZ: [libjvm.so+0x74db40], sa_mask[0]=11111111011111111101111111111110, sa_flags=SA_RESTART|SA_SIGINFO
SIGILL: [libjvm.so+0x74db40], sa_mask[0]=11111111011111111101111111111110, sa_flags=SA_RESTART|SA_SIGINFO
SIGUSR1: SIG_DFL, sa_mask[0]=00000000000000000000000000000000, sa_flags=none
SIGUSR2: [libjvm.so+0x74f1c0], sa_mask[0]=00100000000000000000000000000000, sa_flags=SA_RESTART|SA_SIGINFO
SIGHUP: [libjvm.so+0x750670], sa_mask[0]=11111111011111111101111111111110, sa_flags=SA_RESTART|SA_SIGINFO
SIGINT: SIG_IGN, sa_mask[0]=00000000000000000000000000000000, sa_flags=none
SIGTERM: [libjvm.so+0x750670], sa_mask[0]=11111111011111111101111111111110, sa_flags=SA_RESTART|SA_SIGINFO
SIGQUIT: [libjvm.so+0x750670], sa_mask[0]=11111111011111111101111111111110, sa_flags=SA_RESTART|SA_SIGINFO


---------------  S Y S T E M  ---------------

OS:DISTRIB_ID=Ubuntu
DISTRIB_RELEASE=16.04
DISTRIB_CODENAME=xenial
DISTRIB_DESCRIPTION="Ubuntu 16.04.1 LTS"

uname:Linux 4.4.0-45-generic #66-Ubuntu SMP Wed Oct 19 14:12:05 UTC 2016 i686
libc:glibc 2.23 NPTL 2.23 
rlimit: STACK 8192k, CORE 0k, NPROC 62312, NOFILE 65536, AS infinity
load average:1.52 1.12 1.06

/proc/meminfo:
MemTotal:        8014268 kB
MemFree:          774316 kB
MemAvailable:    2542440 kB
Buffers:          413892 kB
Cached:          2352668 kB
SwapCached:        20784 kB
Active:          5057660 kB
Inactive:        1861624 kB
Active(anon):    3688564 kB
Inactive(anon):   935040 kB
Active(file):    1369096 kB
Inactive(file):   926584 kB
Unevictable:        6452 kB
Mlocked:            6452 kB
HighTotal:       7197512 kB
HighFree:         665268 kB
LowTotal:         816756 kB
LowFree:          109048 kB
SwapTotal:       1048572 kB
SwapFree:         152004 kB
Dirty:               184 kB
Writeback:             0 kB
AnonPages:       4139004 kB
Mapped:           425384 kB
Shmem:            470640 kB
Slab:             222572 kB
SReclaimable:     175232 kB
SUnreclaim:        47340 kB
KernelStack:        9024 kB
PageTables:        44116 kB
NFS_Unstable:          0 kB
Bounce:                0 kB
WritebackTmp:          0 kB
CommitLimit:     5055704 kB
Committed_AS:   14420012 kB
VmallocTotal:     122880 kB
VmallocUsed:           0 kB
VmallocChunk:          0 kB
AnonHugePages:   2181120 kB
CmaTotal:              0 kB
CmaFree:               0 kB
HugePages_Total:       0
HugePages_Free:        0
HugePages_Rsvd:        0
HugePages_Surp:        0
Hugepagesize:       2048 kB
DirectMap4k:       45048 kB
DirectMap2M:      868352 kB


CPU:total 4 (2 cores per cpu, 2 threads per core) family 6 model 37 stepping 2, cmov, cx8, fxsr, mmx, sse, sse2, sse3, ssse3, sse4.1, sse4.2, popcnt, aes, clmul, ht, tsc, tscinvbit

/proc/cpuinfo:
processor	: 0
vendor_id	: GenuineIntel
cpu family	: 6
model		: 37
model name	: Intel(R) Core(TM) i5 CPU       M 520  @ 2.40GHz
stepping	: 2
microcode	: 0x9
cpu MHz		: 2400.000
cache size	: 3072 KB
physical id	: 0
siblings	: 4
core id		: 0
cpu cores	: 2
apicid		: 0
initial apicid	: 0
fdiv_bug	: no
f00f_bug	: no
coma_bug	: no
fpu		: yes
fpu_exception	: yes
cpuid level	: 11
wp		: yes
flags		: fpu vme de pse tsc msr pae mce cx8 apic sep mtrr pge mca cmov pat pse36 clflush dts acpi mmx fxsr sse sse2 ss ht tm pbe nx rdtscp lm constant_tsc arch_perfmon pebs bts xtopology nonstop_tsc aperfmperf pni pclmulqdq dtes64 monitor ds_cpl vmx smx est tm2 ssse3 cx16 xtpr pdcm sse4_1 sse4_2 popcnt aes lahf_lm tpr_shadow vnmi flexpriority ept vpid dtherm ida arat
bugs		:
bogomips	: 4788.07
clflush size	: 64
cache_alignment	: 64
address sizes	: 36 bits physical, 48 bits virtual
power management:

processor	: 1
vendor_id	: GenuineIntel
cpu family	: 6
model		: 37
model name	: Intel(R) Core(TM) i5 CPU       M 520  @ 2.40GHz
stepping	: 2
microcode	: 0x9
cpu MHz		: 2133.000
cache size	: 3072 KB
physical id	: 0
siblings	: 4
core id		: 0
cpu cores	: 2
apicid		: 1
initial apicid	: 1
fdiv_bug	: no
f00f_bug	: no
coma_bug	: no
fpu		: yes
fpu_exception	: yes
cpuid level	: 11
wp		: yes
flags		: fpu vme de pse tsc msr pae mce cx8 apic sep mtrr pge mca cmov pat pse36 clflush dts acpi mmx fxsr sse sse2 ss ht tm pbe nx rdtscp lm constant_tsc arch_perfmon pebs bts xtopology nonstop_tsc aperfmperf pni pclmulqdq dtes64 monitor ds_cpl vmx smx est tm2 ssse3 cx16 xtpr pdcm sse4_1 sse4_2 popcnt aes lahf_lm tpr_shadow vnmi flexpriority ept vpid dtherm ida arat
bugs		:
bogomips	: 4788.07
clflush size	: 64
cache_alignment	: 64
address sizes	: 36 bits physical, 48 bits virtual
power management:

processor	: 2
vendor_id	: GenuineIntel
cpu family	: 6
model		: 37
model name	: Intel(R) Core(TM) i5 CPU       M 520  @ 2.40GHz
stepping	: 2
microcode	: 0x9
cpu MHz		: 2266.000
cache size	: 3072 KB
physical id	: 0
siblings	: 4
core id		: 2
cpu cores	: 2
apicid		: 4
initial apicid	: 4
fdiv_bug	: no
f00f_bug	: no
coma_bug	: no
fpu		: yes
fpu_exception	: yes
cpuid level	: 11
wp		: yes
flags		: fpu vme de pse tsc msr pae mce cx8 apic sep mtrr pge mca cmov pat pse36 clflush dts acpi mmx fxsr sse sse2 ss ht tm pbe nx rdtscp lm constant_tsc arch_perfmon pebs bts xtopology nonstop_tsc aperfmperf pni pclmulqdq dtes64 monitor ds_cpl vmx smx est tm2 ssse3 cx16 xtpr pdcm sse4_1 sse4_2 popcnt aes lahf_lm tpr_shadow vnmi flexpriority ept vpid dtherm ida arat
bugs		:
bogomips	: 4788.07
clflush size	: 64
cache_alignment	: 64
address sizes	: 36 bits physical, 48 bits virtual
power management:

processor	: 3
vendor_id	: GenuineIntel
cpu family	: 6
model		: 37
model name	: Intel(R) Core(TM) i5 CPU       M 520  @ 2.40GHz
stepping	: 2
microcode	: 0x9
cpu MHz		: 1199.000
cache size	: 3072 KB
physical id	: 0
siblings	: 4
core id		: 2
cpu cores	: 2
apicid		: 5
initial apicid	: 5
fdiv_bug	: no
f00f_bug	: no
coma_bug	: no
fpu		: yes
fpu_exception	: yes
cpuid level	: 11
wp		: yes
flags		: fpu vme de pse tsc msr pae mce cx8 apic sep mtrr pge mca cmov pat pse36 clflush dts acpi mmx fxsr sse sse2 ss ht tm pbe nx rdtscp lm constant_tsc arch_perfmon pebs bts xtopology nonstop_tsc aperfmperf pni pclmulqdq dtes64 monitor ds_cpl vmx smx est tm2 ssse3 cx16 xtpr pdcm sse4_1 sse4_2 popcnt aes lahf_lm tpr_shadow vnmi flexpriority ept vpid dtherm ida arat
bugs		:
bogomips	: 4788.07
clflush size	: 64
cache_alignment	: 64
address sizes	: 36 bits physical, 48 bits virtual
power management:



Memory: 4k page, physical 8014268k(774316k free), swap 1048572k(152004k free)

vm_info: Java HotSpot(TM) Server VM (25.65-b01) for linux-x86 JRE (1.8.0_65-b17), built on Oct  6 2015 15:34:53 by "java_re" with gcc 4.3.0 20080428 (Red Hat 4.3.0-8)

time: Sat Nov  5 23:13:46 2016
elapsed time: 106 seconds (0d 0h 1m 46s)

