#
# A fatal error has been detected by the Java Runtime Environment:
#
#  SIGSEGV (0xb) at pc=0x631fabfe, pid=31700, tid=3060300608
#
# JRE version: Java(TM) SE Runtime Environment (8.0_65-b17) (build 1.8.0_65-b17)
# Java VM: Java HotSpot(TM) Server VM (25.65-b01 mixed mode linux-x86 )
# Problematic frame:
# C  [libShareNative.so+0xdcbfe]  void std::swap<unsigned char*>(unsigned char*&, unsigned char*&)+0x4a
#
# Failed to write core dump. Core dumps have been disabled. To enable core dumping, try "ulimit -c unlimited" before starting Java again
#
# If you would like to submit a bug report, please visit:
#   http://bugreport.java.com/bugreport/crash.jsp
# The crash happened outside the Java Virtual Machine in native code.
# See problematic frame for where to report the bug.
#

---------------  T H R E A D  ---------------

Current thread (0xb6507400):  JavaThread "main" [_thread_in_native, id=31704, stack(0xb6637000,0xb6688000)]

siginfo: si_signo: 11 (SIGSEGV), si_code: 1 (SEGV_MAPERR), si_addr: 0x00000000

Registers:
EAX=0x00000000, EBX=0x63354000, ECX=0x00000000, EDX=0x00000000
ESP=0xb6686d80, EBP=0xb6686da8, ESI=0xb6686ed4, EDI=0xb6507400
EIP=0x631fabfe, EFLAGS=0x00010282, CR2=0x00000000

Top of Stack: (sp=0xb6686d80)
0xb6686d80:   63acad90 631fab5e 00000000 b6686e70
0xb6686d90:   b6686e70 00000000 00000000 94b8c000
0xb6686da0:   b6686dd0 63354000 b6686dc8 631f86d6
0xb6686db0:   b6686e70 00000000 b6686e08 631f86c0
0xb6686dc0:   b6686e30 63354000 b6686de8 631f691a
0xb6686dd0:   b6686e70 00000000 b6686e54 631f68d8
0xb6686de0:   00000038 63354000 b6686e08 631f4f6f
0xb6686df0:   b6686e70 00000000 00000000 631f4f4c 

Instructions: (pc=0x631fabfe)
0x631fabde:   ec 0c ff 75 e4 e8 a8 fc fe ff 83 c4 10 8b 00 89
0x631fabee:   45 f0 83 ec 0c ff 75 e0 e8 95 fc fe ff 83 c4 10
0x631fabfe:   8b 10 8b 45 e4 89 10 83 ec 0c 8d 45 f0 50 e8 7f
0x631fac0e:   fc fe ff 83 c4 10 8b 10 8b 45 e0 89 10 90 8b 45 

Register to memory mapping:

EAX=0x00000000 is an unknown value
EBX=0x63354000: <offset 0x236000> in /media/data/Workspace/M2Bee/C++/ShareSpace/Interfaces/Java/ShareNative/dist/Debug/GNU-Linux/libShareNative.so at 0x6311e000
ECX=0x00000000 is an unknown value
EDX=0x00000000 is an unknown value
ESP=0xb6686d80 is pointing into the stack for thread: 0xb6507400
EBP=0xb6686da8 is pointing into the stack for thread: 0xb6507400
ESI=0xb6686ed4 is pointing into the stack for thread: 0xb6507400
EDI=0xb6507400 is a thread


Stack: [0xb6637000,0xb6688000],  sp=0xb6686d80,  free space=319k
Native frames: (J=compiled Java code, j=interpreted, Vv=VM code, C=native code)
C  [libShareNative.so+0xdcbfe]  void std::swap<unsigned char*>(unsigned char*&, unsigned char*&)+0x4a
C  [libShareNative.so+0xda6d6]  std::_Vector_base<unsigned char, std::allocator<unsigned char> >::_Vector_impl::_M_swap_data(std::_Vector_base<unsigned char, std::allocator<unsigned char> >::_Vector_impl&)+0x22
C  [libShareNative.so+0xd891a]  std::_Vector_base<unsigned char, std::allocator<unsigned char> >::_Vector_base(std::_Vector_base<unsigned char, std::allocator<unsigned char> >&&)+0x4e
C  [libShareNative.so+0xd6f6f]  std::vector<unsigned char, std::allocator<unsigned char> >::vector(std::vector<unsigned char, std::allocator<unsigned char> >&&)+0x2f
C  [libShareNative.so+0xd56db]  GetFrame(unsigned int)+0x74
C  [libShareNative.so+0x118a05]  Java_Share_BufferShare_GetFrame+0x6f
J 79  Share.BufferShare.GetFrame(I)[B (0 bytes) @ 0xa75724e8 [0xa7572460+0x88]
J 115 C2 Share.IBufferShare$1.next()Ljava/lang/Object; (5 bytes) @ 0xa757e5b0 [0xa757e580+0x30]
j  Share.Test.main([Ljava/lang/String;)V+67
v  ~StubRoutines::call_stub
V  [libjvm.so+0x4fbd4f]  JavaCalls::call_helper(JavaValue*, methodHandle*, JavaCallArguments*, Thread*)+0x101f
V  [libjvm.so+0x74bf89]  os::os_exception_wrapper(void (*)(JavaValue*, methodHandle*, JavaCallArguments*, Thread*), JavaValue*, methodHandle*, JavaCallArguments*, Thread*)+0x19
V  [libjvm.so+0x4fa31f]  JavaCalls::call(JavaValue*, methodHandle, JavaCallArguments*, Thread*)+0x2f
V  [libjvm.so+0x5444cf]  jni_invoke_static(JNIEnv_*, JavaValue*, _jobject*, JNICallType, _jmethodID*, JNI_ArgumentPusher*, Thread*)+0x38f
V  [libjvm.so+0x556f4f]  jni_CallStaticVoidMethod+0xdf
C  [libjli.so+0x7666]  JavaMain+0x8d6
C  [libpthread.so.0+0x62b5]  start_thread+0xe5
C  [libc.so.6+0xe716e]  clone+0x6e

Java frames: (J=compiled Java code, j=interpreted, Vv=VM code)
J 79  Share.BufferShare.GetFrame(I)[B (0 bytes) @ 0xa75724a4 [0xa7572460+0x44]
J 115 C2 Share.IBufferShare$1.next()Ljava/lang/Object; (5 bytes) @ 0xa757e5b0 [0xa757e580+0x30]
j  Share.Test.main([Ljava/lang/String;)V+67
v  ~StubRoutines::call_stub

---------------  P R O C E S S  ---------------

Java Threads: ( => current thread )
  0x63aa9800 JavaThread "Service Thread" daemon [_thread_blocked, id=31716, stack(0x633db000,0x6342c000)]
  0x63aa6800 JavaThread "C1 CompilerThread2" daemon [_thread_blocked, id=31715, stack(0x6342c000,0x634ad000)]
  0x63aa5000 JavaThread "C2 CompilerThread1" daemon [_thread_blocked, id=31714, stack(0x634ad000,0x6352e000)]
  0x63aa3000 JavaThread "C2 CompilerThread0" daemon [_thread_blocked, id=31713, stack(0x6352e000,0x635af000)]
  0x63aa1800 JavaThread "Signal Dispatcher" daemon [_thread_blocked, id=31712, stack(0x635af000,0x63600000)]
  0x63a85c00 JavaThread "Finalizer" daemon [_thread_in_Java, id=31711, stack(0x63b0a000,0x63b5b000)]
  0x63a84400 JavaThread "Reference Handler" daemon [_thread_blocked, id=31710, stack(0x6672e000,0x6677f000)]
=>0xb6507400 JavaThread "main" [_thread_in_native, id=31704, stack(0xb6637000,0xb6688000)]

Other Threads:
  0x63a81000 VMThread [stack: 0x63b5b000,0x63bdc000] [id=31709]
  0x63ab4800 WatcherThread [stack: 0x6335a000,0x633db000] [id=31717]

VM state:not at safepoint (normal execution)

VM Mutex/Monitor currently owned by a thread: None

Heap:
 PSYoungGen      total 19200K, used 2195K [0x91ac0000, 0x93000000, 0xa7000000)
  eden space 16640K, 8% used [0x91ac0000,0x91c34cd8,0x92b00000)
  from space 2560K, 27% used [0x92b00000,0x92bb0040,0x92d80000)
  to   space 2560K, 0% used [0x92d80000,0x92d80000,0x93000000)
 ParOldGen       total 43776K, used 4K [0x67000000, 0x69ac0000, 0x91ac0000)
  object space 43776K, 0% used [0x67000000,0x67001000,0x69ac0000)
 Metaspace       used 1660K, capacity 2240K, committed 2328K, reserved 4400K

Card table byte_map: [0x66dff000,0x67000000] byte_map_base: 0x66ac7000

Marking Bits: (ParMarkBitMap*) 0xb70db380
 Begin Bits: [0x64600000, 0x65600000)
 End Bits:   [0x65600000, 0x66600000)

Polling page: 0xb76df000

CodeCache: size=245760Kb used=932Kb max_used=944Kb free=244827Kb
 bounds [0xa74ac000, 0xa76ec000, 0xb64ac000]
 total_blobs=298 nmethods=144 adapters=69
 compilation: enabled

Compilation events (10 events):
Event: 49.045 Thread 0x63aa5000 nmethod 140 0xa7594688 code [0xa7594780, 0xa7594890]
Event: 49.045 Thread 0x63aa5000  141       4       java.lang.ref.ReferenceQueue::remove (6 bytes)
Event: 49.059 Thread 0x63aa3000 nmethod 138 0xa7597408 code [0xa75975a0, 0xa7597e04]
Event: 49.060 Thread 0x63aa3000  142   !   4       java.lang.ref.ReferenceQueue::remove (125 bytes)
Event: 49.062 Thread 0x63aa5000 nmethod 141 0xa7593cc8 code [0xa7593de0, 0xa7594090]
Event: 49.062 Thread 0x63aa5000  143       4       Share.IBufferShare::finalize (22 bytes)
Event: 49.068 Thread 0x63aa3000 nmethod 142 0xa7591748 code [0xa7591860, 0xa7591b50]
Event: 49.068 Thread 0x63aa3000  144       4       java.lang.ref.Finalizer::access$100 (6 bytes)
Event: 49.068 Thread 0x63aa5000 nmethod 143 0xa75914c8 code [0xa75915e0, 0xa7591684]
Event: 49.081 Thread 0x63aa3000 nmethod 144 0xa7592bc8 code [0xa7592d40, 0xa7593244]

GC Heap History (2 events):
Event: 48.959 GC heap before
{Heap before GC invocations=1 (full 0):
 PSYoungGen      total 19200K, used 16640K [0x91ac0000, 0x93000000, 0xa7000000)
  eden space 16640K, 100% used [0x91ac0000,0x92b00000,0x92b00000)
  from space 2560K, 0% used [0x92d80000,0x92d80000,0x93000000)
  to   space 2560K, 0% used [0x92b00000,0x92b00000,0x92d80000)
 ParOldGen       total 43776K, used 0K [0x67000000, 0x69ac0000, 0x91ac0000)
  object space 43776K, 0% used [0x67000000,0x67000000,0x69ac0000)
 Metaspace       used 1655K, capacity 2240K, committed 2328K, reserved 4400K
Event: 48.965 GC heap after
Heap after GC invocations=1 (full 0):
 PSYoungGen      total 19200K, used 704K [0x91ac0000, 0x93000000, 0xa7000000)
  eden space 16640K, 0% used [0x91ac0000,0x91ac0000,0x92b00000)
  from space 2560K, 27% used [0x92b00000,0x92bb0040,0x92d80000)
  to   space 2560K, 0% used [0x92d80000,0x92d80000,0x93000000)
 ParOldGen       total 43776K, used 4K [0x67000000, 0x69ac0000, 0x91ac0000)
  object space 43776K, 0% used [0x67000000,0x67001000,0x69ac0000)
 Metaspace       used 1655K, capacity 2240K, committed 2328K, reserved 4400K
}

Deoptimization events (0 events):
No events

Internal exceptions (2 events):
Event: 0.044 Thread 0xb6507400 Exception <a 'java/lang/NoSuchMethodError': Method sun.misc.Unsafe.defineClass(Ljava/lang/String;[BII)Ljava/lang/Class; name or signature does not match> (0x91ad03d0) thrown at [/HUDSON/workspace/8-2-build-linux-i586/jdk8u65/4987/hotspot/src/share/vm/prim
Event: 0.044 Thread 0xb6507400 Exception <a 'java/lang/NoSuchMethodError': Method sun.misc.Unsafe.prefetchRead(Ljava/lang/Object;J)V name or signature does not match> (0x91ad06a0) thrown at [/HUDSON/workspace/8-2-build-linux-i586/jdk8u65/4987/hotspot/src/share/vm/prims/jni.cpp, line 39

Events (10 events):
Event: 0.096 loading class java/lang/UnsupportedOperationException
Event: 0.096 loading class java/lang/UnsupportedOperationException done
Event: 0.100 loading class java/util/concurrent/ConcurrentHashMap$ForwardingNode
Event: 0.100 loading class java/util/concurrent/ConcurrentHashMap$ForwardingNode done
Event: 0.100 loading class Share/IBufferShare$1
Event: 0.100 loading class Share/IBufferShare$1 done
Event: 4.097 Executing VM operation: EnableBiasedLocking
Event: 4.097 Executing VM operation: EnableBiasedLocking done
Event: 48.959 Executing VM operation: ParallelGCFailedAllocation
Event: 48.965 Executing VM operation: ParallelGCFailedAllocation done


Dynamic libraries:
08048000-08049000 r-xp 00000000 08:03 333651     /home/monteiro/jdk1.8.0_65/bin/java
08049000-0804a000 rw-p 00000000 08:03 333651     /home/monteiro/jdk1.8.0_65/bin/java
09447000-09468000 rw-p 00000000 00:00 0          [heap]
60865000-60a00000 rw-p 00000000 00:00 0 
60a00000-60bc5000 rw-p 00000000 00:00 0 
60bc5000-60c00000 ---p 00000000 00:00 0 
60c00000-60e00000 rw-p 00000000 00:00 0 
60e00000-61000000 rw-p 00000000 00:00 0 
61000000-61200000 rw-p 00000000 00:00 0 
61200000-61400000 rw-p 00000000 00:00 0 
61400000-61600000 rw-p 00000000 00:00 0 
61600000-61800000 rw-p 00000000 00:00 0 
61800000-61a00000 rw-p 00000000 00:00 0 
61a00000-61c00000 rw-p 00000000 00:00 0 
61c00000-61e00000 rw-p 00000000 00:00 0 
61e00000-62000000 rw-p 00000000 00:00 0 
62000000-62200000 rw-p 00000000 00:00 0 
62200000-62400000 rw-p 00000000 00:00 0 
62400000-62600000 rw-p 00000000 00:00 0 
62600000-62700000 rw-p 00000000 00:00 0 
62700000-6272e000 rw-p 00000000 00:00 0 
6272e000-62800000 ---p 00000000 00:00 0 
62800000-62900000 rw-p 00000000 00:00 0 
6294a000-62a00000 rw-p 00000000 00:00 0 
62a00000-62c00000 rw-p 00000000 00:00 0 
62c00000-62d00000 rw-p 00000000 00:00 0 
62d00000-62df8000 rw-p 00000000 00:00 0 
62df8000-62e00000 ---p 00000000 00:00 0 
62e00000-63000000 rw-p 00000000 00:00 0 
63000000-63100000 rw-p 00000000 00:00 0 
6311e000-6334e000 r-xp 00000000 08:04 6424593    /media/data/Workspace/M2Bee/C++/ShareSpace/Interfaces/Java/ShareNative/dist/Debug/GNU-Linux/libShareNative.so
6334e000-6334f000 ---p 00230000 08:04 6424593    /media/data/Workspace/M2Bee/C++/ShareSpace/Interfaces/Java/ShareNative/dist/Debug/GNU-Linux/libShareNative.so
6334f000-63354000 r--p 00230000 08:04 6424593    /media/data/Workspace/M2Bee/C++/ShareSpace/Interfaces/Java/ShareNative/dist/Debug/GNU-Linux/libShareNative.so
63354000-63358000 rw-p 00235000 08:04 6424593    /media/data/Workspace/M2Bee/C++/ShareSpace/Interfaces/Java/ShareNative/dist/Debug/GNU-Linux/libShareNative.so
63358000-6335a000 rw-p 00000000 00:00 0 
6335a000-6335b000 ---p 00000000 00:00 0 
6335b000-633db000 rw-p 00000000 00:00 0 
633db000-633de000 ---p 00000000 00:00 0 
633de000-6342c000 rw-p 00000000 00:00 0 
6342c000-6342f000 ---p 00000000 00:00 0 
6342f000-634ad000 rw-p 00000000 00:00 0 
634ad000-634b0000 ---p 00000000 00:00 0 
634b0000-6352e000 rw-p 00000000 00:00 0 
6352e000-63531000 ---p 00000000 00:00 0 
63531000-635af000 rw-p 00000000 00:00 0 
635af000-635b2000 ---p 00000000 00:00 0 
635b2000-63600000 rw-p 00000000 00:00 0 
63600000-63800000 r--p 00000000 08:03 2365678    /usr/lib/locale/locale-archive
63800000-638fe000 rw-p 00000000 00:00 0 
638fe000-63900000 ---p 00000000 00:00 0 
63900000-63921000 rw-p 00000000 00:00 0 
63921000-63a00000 ---p 00000000 00:00 0 
63a00000-63b00000 rw-p 00000000 00:00 0 
63b0a000-63b0d000 ---p 00000000 00:00 0 
63b0d000-63b5b000 rw-p 00000000 00:00 0 
63b5b000-63b5c000 ---p 00000000 00:00 0 
63b5c000-63bdc000 rw-p 00000000 00:00 0 
63bdc000-63db4000 r--s 03d20000 08:03 333918     /home/monteiro/jdk1.8.0_65/jre/lib/rt.jar
63db4000-63ffa000 rw-p 00000000 00:00 0 
63ffa000-64200000 ---p 00000000 00:00 0 
64200000-66600000 rw-p 00000000 00:00 0 
66600000-66700000 rw-p 00000000 00:00 0 
6672e000-66731000 ---p 00000000 00:00 0 
66731000-6677f000 rw-p 00000000 00:00 0 
6677f000-66780000 ---p 00000000 00:00 0 
66780000-66800000 rw-p 00000000 00:00 0 
66800000-66859000 rw-p 00000000 00:00 0 
66859000-66900000 ---p 00000000 00:00 0 
66900000-66921000 rw-p 00000000 00:00 0 
66921000-66a00000 ---p 00000000 00:00 0 
66a30000-66a7f000 rw-p 00000000 00:00 0 
66a7f000-66a80000 ---p 00000000 00:00 0 
66a80000-66b00000 rw-p 00000000 00:00 0 
66b00000-66b21000 rw-p 00000000 00:00 0 
66b21000-66c00000 ---p 00000000 00:00 0 
66c28000-66c29000 ---p 00000000 00:00 0 
66c29000-66cbf000 rw-p 00000000 00:00 0 
66cbf000-66dff000 ---p 00000000 00:00 0 
66dff000-66e15000 rw-p 00000000 00:00 0 
66e15000-66f54000 ---p 00000000 00:00 0 
66f54000-66f5f000 rw-p 00000000 00:00 0 
66f5f000-66fff000 ---p 00000000 00:00 0 
66fff000-69ac0000 rw-p 00000000 00:00 0 
69ac0000-91ac0000 ---p 00000000 00:00 0 
91ac0000-93000000 rw-p 00000000 00:00 0 
93000000-a7000000 ---p 00000000 00:00 0 
a7010000-a706b000 rw-p 00000000 00:00 0 
a706b000-a706c000 ---p 00000000 00:00 0 
a706c000-a70f5000 rw-p 00000000 00:00 0 
a70f5000-a74ac000 ---p 00000000 00:00 0 
a74ac000-a76ec000 rwxp 00000000 00:00 0 
a76ec000-b64ac000 ---p 00000000 00:00 0 
b64ac000-b64b7000 r-xp 00000000 08:03 1598251    /lib/i386-linux-gnu/libnss_files-2.23.so
b64b7000-b64b8000 r--p 0000a000 08:03 1598251    /lib/i386-linux-gnu/libnss_files-2.23.so
b64b8000-b64b9000 rw-p 0000b000 08:03 1598251    /lib/i386-linux-gnu/libnss_files-2.23.so
b64b9000-b64bf000 rw-p 00000000 00:00 0 
b64bf000-b64ca000 r-xp 00000000 08:03 1598227    /lib/i386-linux-gnu/libnss_nis-2.23.so
b64ca000-b64cb000 r--p 0000a000 08:03 1598227    /lib/i386-linux-gnu/libnss_nis-2.23.so
b64cb000-b64cc000 rw-p 0000b000 08:03 1598227    /lib/i386-linux-gnu/libnss_nis-2.23.so
b64ce000-b64e6000 rw-p 00000000 00:00 0 
b64e6000-b64ff000 r-xp 00000000 08:03 333874     /home/monteiro/jdk1.8.0_65/jre/lib/i386/libzip.so
b64ff000-b6500000 rw-p 00019000 08:03 333874     /home/monteiro/jdk1.8.0_65/jre/lib/i386/libzip.so
b6500000-b65fb000 rw-p 00000000 00:00 0 
b65fb000-b6600000 ---p 00000000 00:00 0 
b6601000-b6609000 rw-s 00000000 08:03 1839697    /tmp/hsperfdata_root/31700
b6609000-b6620000 r-xp 00000000 08:03 1598224    /lib/i386-linux-gnu/libnsl-2.23.so
b6620000-b6621000 r--p 00016000 08:03 1598224    /lib/i386-linux-gnu/libnsl-2.23.so
b6621000-b6622000 rw-p 00017000 08:03 1598224    /lib/i386-linux-gnu/libnsl-2.23.so
b6622000-b6624000 rw-p 00000000 00:00 0 
b6624000-b662c000 r-xp 00000000 08:03 1598205    /lib/i386-linux-gnu/libnss_compat-2.23.so
b662c000-b662d000 r--p 00007000 08:03 1598205    /lib/i386-linux-gnu/libnss_compat-2.23.so
b662d000-b662e000 rw-p 00008000 08:03 1598205    /lib/i386-linux-gnu/libnss_compat-2.23.so
b662e000-b6635000 r-xp 00000000 08:03 1598638    /lib/i386-linux-gnu/librt-2.23.so
b6635000-b6636000 r--p 00006000 08:03 1598638    /lib/i386-linux-gnu/librt-2.23.so
b6636000-b6637000 rw-p 00007000 08:03 1598638    /lib/i386-linux-gnu/librt-2.23.so
b6637000-b663a000 ---p 00000000 00:00 0 
b663a000-b6688000 rw-p 00000000 00:00 0 
b6688000-b66db000 r-xp 00000000 08:03 1598365    /lib/i386-linux-gnu/libm-2.23.so
b66db000-b66dc000 r--p 00052000 08:03 1598365    /lib/i386-linux-gnu/libm-2.23.so
b66dc000-b66dd000 rw-p 00053000 08:03 1598365    /lib/i386-linux-gnu/libm-2.23.so
b66dd000-b705d000 r-xp 00000000 08:03 333855     /home/monteiro/jdk1.8.0_65/jre/lib/i386/server/libjvm.so
b705d000-b70ca000 rw-p 00980000 08:03 333855     /home/monteiro/jdk1.8.0_65/jre/lib/i386/server/libjvm.so
b70ca000-b74f0000 rw-p 00000000 00:00 0 
b74f0000-b769f000 r-xp 00000000 08:03 1598988    /lib/i386-linux-gnu/libc-2.23.so
b769f000-b76a0000 ---p 001af000 08:03 1598988    /lib/i386-linux-gnu/libc-2.23.so
b76a0000-b76a2000 r--p 001af000 08:03 1598988    /lib/i386-linux-gnu/libc-2.23.so
b76a2000-b76a3000 rw-p 001b1000 08:03 1598988    /lib/i386-linux-gnu/libc-2.23.so
b76a3000-b76a6000 rw-p 00000000 00:00 0 
b76a6000-b76a9000 r-xp 00000000 08:03 1599059    /lib/i386-linux-gnu/libdl-2.23.so
b76a9000-b76aa000 r--p 00002000 08:03 1599059    /lib/i386-linux-gnu/libdl-2.23.so
b76aa000-b76ab000 rw-p 00003000 08:03 1599059    /lib/i386-linux-gnu/libdl-2.23.so
b76ab000-b76bf000 r-xp 00000000 08:03 283908     /home/monteiro/jdk1.8.0_65/lib/i386/jli/libjli.so
b76bf000-b76c0000 rw-p 00014000 08:03 283908     /home/monteiro/jdk1.8.0_65/lib/i386/jli/libjli.so
b76c0000-b76d9000 r-xp 00000000 08:03 1598705    /lib/i386-linux-gnu/libpthread-2.23.so
b76d9000-b76da000 r--p 00018000 08:03 1598705    /lib/i386-linux-gnu/libpthread-2.23.so
b76da000-b76db000 rw-p 00019000 08:03 1598705    /lib/i386-linux-gnu/libpthread-2.23.so
b76db000-b76dd000 rw-p 00000000 00:00 0 
b76dd000-b76de000 r--p 002d4000 08:03 2365678    /usr/lib/locale/locale-archive
b76de000-b76df000 rw-p 00000000 00:00 0 
b76df000-b76e0000 r--p 00000000 00:00 0 
b76e0000-b7704000 r-xp 00000000 08:03 333869     /home/monteiro/jdk1.8.0_65/jre/lib/i386/libjava.so
b7704000-b7705000 rw-p 00023000 08:03 333869     /home/monteiro/jdk1.8.0_65/jre/lib/i386/libjava.so
b7705000-b7710000 r-xp 00000000 08:03 333823     /home/monteiro/jdk1.8.0_65/jre/lib/i386/libverify.so
b7710000-b7711000 rw-p 0000b000 08:03 333823     /home/monteiro/jdk1.8.0_65/jre/lib/i386/libverify.so
b7711000-b7713000 rw-p 00000000 00:00 0 
b7713000-b7715000 r--p 00000000 00:00 0          [vvar]
b7715000-b7716000 r-xp 00000000 00:00 0          [vdso]
b7716000-b7738000 r-xp 00000000 08:03 1598679    /lib/i386-linux-gnu/ld-2.23.so
b7738000-b7739000 rw-p 00000000 00:00 0 
b7739000-b773a000 r--p 00022000 08:03 1598679    /lib/i386-linux-gnu/ld-2.23.so
b773a000-b773b000 rw-p 00023000 08:03 1598679    /lib/i386-linux-gnu/ld-2.23.so
bfc98000-bfc99000 rwxp 00000000 00:00 0 
bfccb000-bfcec000 rw-p 00000000 00:00 0          [stack]

VM Arguments:
jvm_args: -Dfile.encoding=UTF-8 
java_command: Share.Test
java_class_path (initial): /media/data/Workspace/M2Bee/C++/ShareSpace/Interfaces/Java/Share/build/classes
Launcher Type: SUN_STANDARD

Environment Variables:
PATH=/usr/local/sbin:/usr/local/bin:/usr/sbin:/usr/bin:/sbin:/bin:/snap/bin
USERNAME=root
LD_LIBRARY_PATH=/home/monteiro/jdk1.8.0_65/jre/lib/amd64:/home/monteiro/jdk1.8.0_65/jre/lib/i386:
SHELL=/bin/bash
DISPLAY=:0

Signal Handlers:
SIGSEGV: [libjvm.so+0x8cdbd0], sa_mask[0]=11111111011111111101111111111110, sa_flags=SA_RESTART|SA_SIGINFO
SIGBUS: [libjvm.so+0x8cdbd0], sa_mask[0]=11111111011111111101111111111110, sa_flags=SA_RESTART|SA_SIGINFO
SIGFPE: [libjvm.so+0x74db40], sa_mask[0]=11111111011111111101111111111110, sa_flags=SA_RESTART|SA_SIGINFO
SIGPIPE: [libjvm.so+0x74db40], sa_mask[0]=11111111011111111101111111111110, sa_flags=SA_RESTART|SA_SIGINFO
SIGXFSZ: [libjvm.so+0x74db40], sa_mask[0]=11111111011111111101111111111110, sa_flags=SA_RESTART|SA_SIGINFO
SIGILL: [libjvm.so+0x74db40], sa_mask[0]=11111111011111111101111111111110, sa_flags=SA_RESTART|SA_SIGINFO
SIGUSR1: SIG_DFL, sa_mask[0]=00000000000000000000000000000000, sa_flags=none
SIGUSR2: [libjvm.so+0x74f1c0], sa_mask[0]=00100000000000000000000000000000, sa_flags=SA_RESTART|SA_SIGINFO
SIGHUP: [libjvm.so+0x750670], sa_mask[0]=11111111011111111101111111111110, sa_flags=SA_RESTART|SA_SIGINFO
SIGINT: SIG_IGN, sa_mask[0]=00000000000000000000000000000000, sa_flags=none
SIGTERM: [libjvm.so+0x750670], sa_mask[0]=11111111011111111101111111111110, sa_flags=SA_RESTART|SA_SIGINFO
SIGQUIT: [libjvm.so+0x750670], sa_mask[0]=11111111011111111101111111111110, sa_flags=SA_RESTART|SA_SIGINFO


---------------  S Y S T E M  ---------------

OS:DISTRIB_ID=Ubuntu
DISTRIB_RELEASE=16.04
DISTRIB_CODENAME=xenial
DISTRIB_DESCRIPTION="Ubuntu 16.04.1 LTS"

uname:Linux 4.4.0-45-generic #66-Ubuntu SMP Wed Oct 19 14:12:05 UTC 2016 i686
libc:glibc 2.23 NPTL 2.23 
rlimit: STACK 8192k, CORE 0k, NPROC 62312, NOFILE 65536, AS infinity
load average:2.81 1.49 1.21

/proc/meminfo:
MemTotal:        8014268 kB
MemFree:          920912 kB
MemAvailable:    2346284 kB
Buffers:          343480 kB
Cached:          2272084 kB
SwapCached:        14256 kB
Active:          5348300 kB
Inactive:        1298768 kB
Active(anon):    4069392 kB
Inactive(anon):   705956 kB
Active(file):    1278908 kB
Inactive(file):   592812 kB
Unevictable:        5844 kB
Mlocked:            5844 kB
HighTotal:       7197512 kB
HighFree:         839636 kB
LowTotal:         816756 kB
LowFree:           81276 kB
SwapTotal:       1048572 kB
SwapFree:         516204 kB
Dirty:              2196 kB
Writeback:             0 kB
AnonPages:       4032492 kB
Mapped:           547944 kB
Shmem:            743828 kB
Slab:             354964 kB
SReclaimable:     307136 kB
SUnreclaim:        47828 kB
KernelStack:        8584 kB
PageTables:        37916 kB
NFS_Unstable:          0 kB
Bounce:                0 kB
WritebackTmp:          0 kB
CommitLimit:     5055704 kB
Committed_AS:   12929460 kB
VmallocTotal:     122880 kB
VmallocUsed:           0 kB
VmallocChunk:          0 kB
AnonHugePages:   2383872 kB
CmaTotal:              0 kB
CmaFree:               0 kB
HugePages_Total:       0
HugePages_Free:        0
HugePages_Rsvd:        0
HugePages_Surp:        0
Hugepagesize:       2048 kB
DirectMap4k:       45048 kB
DirectMap2M:      868352 kB


CPU:total 4 (2 cores per cpu, 2 threads per core) family 6 model 37 stepping 2, cmov, cx8, fxsr, mmx, sse, sse2, sse3, ssse3, sse4.1, sse4.2, popcnt, aes, clmul, ht, tsc, tscinvbit

/proc/cpuinfo:
processor	: 0
vendor_id	: GenuineIntel
cpu family	: 6
model		: 37
model name	: Intel(R) Core(TM) i5 CPU       M 520  @ 2.40GHz
stepping	: 2
microcode	: 0x9
cpu MHz		: 2400.000
cache size	: 3072 KB
physical id	: 0
siblings	: 4
core id		: 0
cpu cores	: 2
apicid		: 0
initial apicid	: 0
fdiv_bug	: no
f00f_bug	: no
coma_bug	: no
fpu		: yes
fpu_exception	: yes
cpuid level	: 11
wp		: yes
flags		: fpu vme de pse tsc msr pae mce cx8 apic sep mtrr pge mca cmov pat pse36 clflush dts acpi mmx fxsr sse sse2 ss ht tm pbe nx rdtscp lm constant_tsc arch_perfmon pebs bts xtopology nonstop_tsc aperfmperf pni pclmulqdq dtes64 monitor ds_cpl vmx smx est tm2 ssse3 cx16 xtpr pdcm sse4_1 sse4_2 popcnt aes lahf_lm tpr_shadow vnmi flexpriority ept vpid dtherm ida arat
bugs		:
bogomips	: 4788.07
clflush size	: 64
cache_alignment	: 64
address sizes	: 36 bits physical, 48 bits virtual
power management:

processor	: 1
vendor_id	: GenuineIntel
cpu family	: 6
model		: 37
model name	: Intel(R) Core(TM) i5 CPU       M 520  @ 2.40GHz
stepping	: 2
microcode	: 0x9
cpu MHz		: 2266.000
cache size	: 3072 KB
physical id	: 0
siblings	: 4
core id		: 0
cpu cores	: 2
apicid		: 1
initial apicid	: 1
fdiv_bug	: no
f00f_bug	: no
coma_bug	: no
fpu		: yes
fpu_exception	: yes
cpuid level	: 11
wp		: yes
flags		: fpu vme de pse tsc msr pae mce cx8 apic sep mtrr pge mca cmov pat pse36 clflush dts acpi mmx fxsr sse sse2 ss ht tm pbe nx rdtscp lm constant_tsc arch_perfmon pebs bts xtopology nonstop_tsc aperfmperf pni pclmulqdq dtes64 monitor ds_cpl vmx smx est tm2 ssse3 cx16 xtpr pdcm sse4_1 sse4_2 popcnt aes lahf_lm tpr_shadow vnmi flexpriority ept vpid dtherm ida arat
bugs		:
bogomips	: 4788.07
clflush size	: 64
cache_alignment	: 64
address sizes	: 36 bits physical, 48 bits virtual
power management:

processor	: 2
vendor_id	: GenuineIntel
cpu family	: 6
model		: 37
model name	: Intel(R) Core(TM) i5 CPU       M 520  @ 2.40GHz
stepping	: 2
microcode	: 0x9
cpu MHz		: 2400.000
cache size	: 3072 KB
physical id	: 0
siblings	: 4
core id		: 2
cpu cores	: 2
apicid		: 4
initial apicid	: 4
fdiv_bug	: no
f00f_bug	: no
coma_bug	: no
fpu		: yes
fpu_exception	: yes
cpuid level	: 11
wp		: yes
flags		: fpu vme de pse tsc msr pae mce cx8 apic sep mtrr pge mca cmov pat pse36 clflush dts acpi mmx fxsr sse sse2 ss ht tm pbe nx rdtscp lm constant_tsc arch_perfmon pebs bts xtopology nonstop_tsc aperfmperf pni pclmulqdq dtes64 monitor ds_cpl vmx smx est tm2 ssse3 cx16 xtpr pdcm sse4_1 sse4_2 popcnt aes lahf_lm tpr_shadow vnmi flexpriority ept vpid dtherm ida arat
bugs		:
bogomips	: 4788.07
clflush size	: 64
cache_alignment	: 64
address sizes	: 36 bits physical, 48 bits virtual
power management:

processor	: 3
vendor_id	: GenuineIntel
cpu family	: 6
model		: 37
model name	: Intel(R) Core(TM) i5 CPU       M 520  @ 2.40GHz
stepping	: 2
microcode	: 0x9
cpu MHz		: 1733.000
cache size	: 3072 KB
physical id	: 0
siblings	: 4
core id		: 2
cpu cores	: 2
apicid		: 5
initial apicid	: 5
fdiv_bug	: no
f00f_bug	: no
coma_bug	: no
fpu		: yes
fpu_exception	: yes
cpuid level	: 11
wp		: yes
flags		: fpu vme de pse tsc msr pae mce cx8 apic sep mtrr pge mca cmov pat pse36 clflush dts acpi mmx fxsr sse sse2 ss ht tm pbe nx rdtscp lm constant_tsc arch_perfmon pebs bts xtopology nonstop_tsc aperfmperf pni pclmulqdq dtes64 monitor ds_cpl vmx smx est tm2 ssse3 cx16 xtpr pdcm sse4_1 sse4_2 popcnt aes lahf_lm tpr_shadow vnmi flexpriority ept vpid dtherm ida arat
bugs		:
bogomips	: 4788.07
clflush size	: 64
cache_alignment	: 64
address sizes	: 36 bits physical, 48 bits virtual
power management:



Memory: 4k page, physical 8014268k(920912k free), swap 1048572k(516204k free)

vm_info: Java HotSpot(TM) Server VM (25.65-b01) for linux-x86 JRE (1.8.0_65-b17), built on Oct  6 2015 15:34:53 by "java_re" with gcc 4.3.0 20080428 (Red Hat 4.3.0-8)

time: Fri Nov  4 00:37:55 2016
elapsed time: 49 seconds (0d 0h 0m 49s)

